symbreg1.py:24: RuntimeWarning: divide by zero encountered in double_scalars
  return left / right
symbreg1.py:24: RuntimeWarning: invalid value encountered in double_scalars
  return left / right
<string>:1: RuntimeWarning: invalid value encountered in double_scalars
/root/anaconda3/lib/python3.6/site-packages/numpy/core/_methods.py:101: RuntimeWarning: invalid value encountered in subtract
  x = asanyarray(arr - arrmean)
>> Regressao Numerica com GP: 
>> 1000 amostras;tamanho max da arvore: 5
>> Inicio (Execucao 0)
>> Fim da execucao (47.488728284835815 segundos)

Traceback (most recent call last):
  File "symbreg1.py", line 238, in <module>
    MUTPB = MUTPB, 		NPOP = NPOP, 	train_percent = train_percent, 	verb = False,	FILE_NAME = filename)
  File "symbreg1.py", line 180, in main
    mse.append((F1-f(x,y))**2)
NameError: name 'mse' is not defined
symbreg1.py:24: RuntimeWarning: divide by zero encountered in double_scalars
  return left / right
symbreg1.py:24: RuntimeWarning: invalid value encountered in double_scalars
  return left / right
<string>:1: RuntimeWarning: invalid value encountered in double_scalars
/root/anaconda3/lib/python3.6/site-packages/numpy/core/_methods.py:101: RuntimeWarning: invalid value encountered in subtract
  x = asanyarray(arr - arrmean)
>> Regressao Numerica com GP: 
>> 1000 amostras;tamanho max da arvore: 5
>> Inicio (Execucao 0)
>> Fim da execucao (44.70060086250305 segundos)

Traceback (most recent call last):
  File "symbreg1.py", line 238, in <module>
    MUTPB = MUTPB, 		NPOP = NPOP, 	train_percent = train_percent, 	verb = False,	FILE_NAME = filename)
  File "symbreg1.py", line 180, in main
    mse.append((F1-f(x,y))**2)
NameError: name 'mse' is not defined
s_push: parser stack overflow
symbreg1.py:24: RuntimeWarning: invalid value encountered in double_scalars
  return left / right
symbreg1.py:24: RuntimeWarning: divide by zero encountered in double_scalars
  return left / right
<string>:1: RuntimeWarning: invalid value encountered in double_scalars
/root/anaconda3/lib/python3.6/site-packages/numpy/core/_methods.py:101: RuntimeWarning: invalid value encountered in subtract
  x = asanyarray(arr - arrmean)
<string>:1: RuntimeWarning: invalid value encountered in double_scalars
<string>:1: RuntimeWarning: invalid value encountered in double_scalars
<string>:1: RuntimeWarning: invalid value encountered in double_scalars
<string>:1: RuntimeWarning: invalid value encountered in double_scalars
<string>:1: RuntimeWarning: invalid value encountered in double_scalars
<string>:1: RuntimeWarning: invalid value encountered in double_scalars
<string>:1: RuntimeWarning: invalid value encountered in double_scalars
<string>:1: RuntimeWarning: invalid value encountered in double_scalars
<string>:1: RuntimeWarning: invalid value encountered in double_scalars
<string>:1: RuntimeWarning: invalid value encountered in double_scalars
<string>:1: RuntimeWarning: invalid value encountered in double_scalars
<string>:1: RuntimeWarning: invalid value encountered in double_scalars
<string>:1: RuntimeWarning: invalid value encountered in double_scalars
<string>:1: RuntimeWarning: invalid value encountered in double_scalars
<string>:1: RuntimeWarning: invalid value encountered in double_scalars
<string>:1: RuntimeWarning: invalid value encountered in double_scalars
<string>:1: RuntimeWarning: invalid value encountered in double_scalars
<string>:1: RuntimeWarning: invalid value encountered in double_scalars
<string>:1: RuntimeWarning: invalid value encountered in double_scalars
<string>:1: RuntimeWarning: invalid value encountered in double_scalars
<string>:1: RuntimeWarning: invalid value encountered in double_scalars
<string>:1: RuntimeWarning: invalid value encountered in double_scalars
<string>:1: RuntimeWarning: invalid value encountered in double_scalars
<string>:1: RuntimeWarning: invalid value encountered in double_scalars
<string>:1: RuntimeWarning: invalid value encountered in double_scalars
<string>:1: RuntimeWarning: invalid value encountered in double_scalars
<string>:1: RuntimeWarning: invalid value encountered in double_scalars
<string>:1: RuntimeWarning: invalid value encountered in double_scalars
<string>:1: RuntimeWarning: invalid value encountered in double_scalars
<string>:1: RuntimeWarning: invalid value encountered in double_scalars
<string>:1: RuntimeWarning: invalid value encountered in double_scalars
<string>:1: RuntimeWarning: invalid value encountered in double_scalars
<string>:1: RuntimeWarning: invalid value encountered in double_scalars
<string>:1: RuntimeWarning: invalid value encountered in double_scalars
<string>:1: RuntimeWarning: invalid value encountered in double_scalars
<string>:1: RuntimeWarning: invalid value encountered in double_scalars
<string>:1: RuntimeWarning: invalid value encountered in double_scalars
<string>:1: RuntimeWarning: invalid value encountered in double_scalars
<string>:1: RuntimeWarning: invalid value encountered in double_scalars
<string>:1: RuntimeWarning: invalid value encountered in double_scalars
<string>:1: RuntimeWarning: invalid value encountered in double_scalars
<string>:1: RuntimeWarning: invalid value encountered in double_scalars
<string>:1: RuntimeWarning: invalid value encountered in double_scalars
<string>:1: RuntimeWarning: invalid value encountered in double_scalars
<string>:1: RuntimeWarning: invalid value encountered in double_scalars
<string>:1: RuntimeWarning: invalid value encountered in double_scalars
<string>:1: RuntimeWarning: invalid value encountered in double_scalars
<string>:1: RuntimeWarning: invalid value encountered in double_scalars
<string>:1: RuntimeWarning: invalid value encountered in double_scalars
<string>:1: RuntimeWarning: invalid value encountered in double_scalars
<string>:1: RuntimeWarning: invalid value encountered in double_scalars
<string>:1: RuntimeWarning: invalid value encountered in double_scalars
<string>:1: RuntimeWarning: invalid value encountered in double_scalars
<string>:1: RuntimeWarning: invalid value encountered in double_scalars
<string>:1: RuntimeWarning: invalid value encountered in double_scalars
<string>:1: RuntimeWarning: invalid value encountered in double_scalars
<string>:1: RuntimeWarning: invalid value encountered in double_scalars
<string>:1: RuntimeWarning: invalid value encountered in double_scalars
<string>:1: RuntimeWarning: invalid value encountered in double_scalars
<string>:1: RuntimeWarning: invalid value encountered in double_scalars
<string>:1: RuntimeWarning: invalid value encountered in double_scalars
<string>:1: RuntimeWarning: invalid value encountered in double_scalars
<string>:1: RuntimeWarning: invalid value encountered in double_scalars
<string>:1: RuntimeWarning: invalid value encountered in double_scalars
<string>:1: RuntimeWarning: invalid value encountered in double_scalars
<string>:1: RuntimeWarning: invalid value encountered in double_scalars
<string>:1: RuntimeWarning: invalid value encountered in double_scalars
<string>:1: RuntimeWarning: invalid value encountered in double_scalars
<string>:1: RuntimeWarning: invalid value encountered in double_scalars
<string>:1: RuntimeWarning: invalid value encountered in double_scalars
<string>:1: RuntimeWarning: invalid value encountered in double_scalars
<string>:1: RuntimeWarning: invalid value encountered in double_scalars
<string>:1: RuntimeWarning: invalid value encountered in double_scalars
<string>:1: RuntimeWarning: invalid value encountered in double_scalars
<string>:1: RuntimeWarning: invalid value encountered in double_scalars
<string>:1: RuntimeWarning: invalid value encountered in double_scalars
<string>:1: RuntimeWarning: invalid value encountered in double_scalars
<string>:1: RuntimeWarning: invalid value encountered in double_scalars
<string>:1: RuntimeWarning: invalid value encountered in double_scalars
<string>:1: RuntimeWarning: invalid value encountered in double_scalars
<string>:1: RuntimeWarning: invalid value encountered in double_scalars
<string>:1: RuntimeWarning: invalid value encountered in double_scalars
<string>:1: RuntimeWarning: invalid value encountered in double_scalars
<string>:1: RuntimeWarning: invalid value encountered in double_scalars
<string>:1: RuntimeWarning: invalid value encountered in double_scalars
<string>:1: RuntimeWarning: invalid value encountered in double_scalars
<string>:1: RuntimeWarning: invalid value encountered in double_scalars
<string>:1: RuntimeWarning: invalid value encountered in double_scalars
<string>:1: RuntimeWarning: invalid value encountered in double_scalars
<string>:1: RuntimeWarning: invalid value encountered in double_scalars
<string>:1: RuntimeWarning: invalid value encountered in double_scalars
<string>:1: RuntimeWarning: invalid value encountered in double_scalars
<string>:1: RuntimeWarning: invalid value encountered in double_scalars
<string>:1: RuntimeWarning: invalid value encountered in double_scalars
<string>:1: RuntimeWarning: invalid value encountered in double_scalars
<string>:1: RuntimeWarning: invalid value encountered in double_scalars
<string>:1: RuntimeWarning: invalid value encountered in double_scalars
<string>:1: RuntimeWarning: invalid value encountered in double_scalars
<string>:1: RuntimeWarning: invalid value encountered in double_scalars
<string>:1: RuntimeWarning: invalid value encountered in double_scalars
<string>:1: RuntimeWarning: invalid value encountered in double_scalars
<string>:1: RuntimeWarning: invalid value encountered in double_scalars
<string>:1: RuntimeWarning: invalid value encountered in double_scalars
<string>:1: RuntimeWarning: invalid value encountered in double_scalars
<string>:1: RuntimeWarning: invalid value encountered in double_scalars
<string>:1: RuntimeWarning: invalid value encountered in double_scalars
<string>:1: RuntimeWarning: invalid value encountered in double_scalars
<string>:1: RuntimeWarning: invalid value encountered in double_scalars
<string>:1: RuntimeWarning: invalid value encountered in double_scalars
<string>:1: RuntimeWarning: invalid value encountered in double_scalars
<string>:1: RuntimeWarning: invalid value encountered in double_scalars
<string>:1: RuntimeWarning: invalid value encountered in double_scalars
<string>:1: RuntimeWarning: invalid value encountered in double_scalars
<string>:1: RuntimeWarning: invalid value encountered in double_scalars
<string>:1: RuntimeWarning: invalid value encountered in double_scalars
<string>:1: RuntimeWarning: invalid value encountered in double_scalars
<string>:1: RuntimeWarning: invalid value encountered in double_scalars
<string>:1: RuntimeWarning: invalid value encountered in double_scalars
<string>:1: RuntimeWarning: invalid value encountered in double_scalars
<string>:1: RuntimeWarning: invalid value encountered in double_scalars
<string>:1: RuntimeWarning: invalid value encountered in double_scalars
<string>:1: RuntimeWarning: invalid value encountered in double_scalars
<string>:1: RuntimeWarning: invalid value encountered in double_scalars
<string>:1: RuntimeWarning: invalid value encountered in double_scalars
<string>:1: RuntimeWarning: invalid value encountered in double_scalars
<string>:1: RuntimeWarning: invalid value encountered in double_scalars
<string>:1: RuntimeWarning: invalid value encountered in double_scalars
<string>:1: RuntimeWarning: invalid value encountered in double_scalars
<string>:1: RuntimeWarning: invalid value encountered in double_scalars
<string>:1: RuntimeWarning: invalid value encountered in double_scalars
<string>:1: RuntimeWarning: invalid value encountered in double_scalars
<string>:1: RuntimeWarning: invalid value encountered in double_scalars
<string>:1: RuntimeWarning: invalid value encountered in double_scalars
<string>:1: RuntimeWarning: invalid value encountered in double_scalars
<string>:1: RuntimeWarning: invalid value encountered in double_scalars
<string>:1: RuntimeWarning: invalid value encountered in double_scalars
<string>:1: RuntimeWarning: invalid value encountered in double_scalars
<string>:1: RuntimeWarning: invalid value encountered in double_scalars
<string>:1: RuntimeWarning: invalid value encountered in double_scalars
<string>:1: RuntimeWarning: invalid value encountered in double_scalars
<string>:1: RuntimeWarning: invalid value encountered in double_scalars
<string>:1: RuntimeWarning: invalid value encountered in double_scalars
<string>:1: RuntimeWarning: invalid value encountered in double_scalars
<string>:1: RuntimeWarning: invalid value encountered in double_scalars
<string>:1: RuntimeWarning: invalid value encountered in double_scalars
<string>:1: RuntimeWarning: invalid value encountered in double_scalars
<string>:1: RuntimeWarning: invalid value encountered in double_scalars
<string>:1: RuntimeWarning: invalid value encountered in double_scalars
<string>:1: RuntimeWarning: invalid value encountered in double_scalars
<string>:1: RuntimeWarning: invalid value encountered in double_scalars
<string>:1: RuntimeWarning: invalid value encountered in double_scalars
<string>:1: RuntimeWarning: invalid value encountered in double_scalars
<string>:1: RuntimeWarning: invalid value encountered in double_scalars
<string>:1: RuntimeWarning: invalid value encountered in double_scalars
<string>:1: RuntimeWarning: invalid value encountered in double_scalars
<string>:1: RuntimeWarning: invalid value encountered in double_scalars
<string>:1: RuntimeWarning: invalid value encountered in double_scalars
<string>:1: RuntimeWarning: invalid value encountered in double_scalars
<string>:1: RuntimeWarning: invalid value encountered in double_scalars
<string>:1: RuntimeWarning: invalid value encountered in double_scalars
<string>:1: RuntimeWarning: invalid value encountered in double_scalars
<string>:1: RuntimeWarning: invalid value encountered in double_scalars
<string>:1: RuntimeWarning: invalid value encountered in double_scalars
<string>:1: RuntimeWarning: invalid value encountered in double_scalars
<string>:1: RuntimeWarning: invalid value encountered in double_scalars
<string>:1: RuntimeWarning: invalid value encountered in double_scalars
<string>:1: RuntimeWarning: invalid value encountered in double_scalars
<string>:1: RuntimeWarning: invalid value encountered in double_scalars
<string>:1: RuntimeWarning: invalid value encountered in double_scalars
<string>:1: RuntimeWarning: invalid value encountered in double_scalars
<string>:1: RuntimeWarning: invalid value encountered in double_scalars
<string>:1: RuntimeWarning: invalid value encountered in double_scalars
<string>:1: RuntimeWarning: invalid value encountered in double_scalars
<string>:1: RuntimeWarning: invalid value encountered in double_scalars
<string>:1: RuntimeWarning: invalid value encountered in double_scalars
<string>:1: RuntimeWarning: invalid value encountered in double_scalars
<string>:1: RuntimeWarning: invalid value encountered in double_scalars
<string>:1: RuntimeWarning: invalid value encountered in double_scalars
<string>:1: RuntimeWarning: invalid value encountered in double_scalars
<string>:1: RuntimeWarning: invalid value encountered in double_scalars
<string>:1: RuntimeWarning: invalid value encountered in double_scalars
<string>:1: RuntimeWarning: invalid value encountered in double_scalars
<string>:1: RuntimeWarning: invalid value encountered in double_scalars
<string>:1: RuntimeWarning: invalid value encountered in double_scalars
<string>:1: RuntimeWarning: invalid value encountered in double_scalars
<string>:1: RuntimeWarning: invalid value encountered in double_scalars
<string>:1: RuntimeWarning: invalid value encountered in double_scalars
<string>:1: RuntimeWarning: invalid value encountered in double_scalars
<string>:1: RuntimeWarning: invalid value encountered in double_scalars
<string>:1: RuntimeWarning: invalid value encountered in double_scalars
<string>:1: RuntimeWarning: invalid value encountered in double_scalars
<string>:1: RuntimeWarning: invalid value encountered in double_scalars
<string>:1: RuntimeWarning: invalid value encountered in double_scalars
<string>:1: RuntimeWarning: invalid value encountered in double_scalars
<string>:1: RuntimeWarning: invalid value encountered in double_scalars
<string>:1: RuntimeWarning: invalid value encountered in double_scalars
<string>:1: RuntimeWarning: invalid value encountered in double_scalars
<string>:1: RuntimeWarning: invalid value encountered in double_scalars
<string>:1: RuntimeWarning: invalid value encountered in double_scalars
<string>:1: RuntimeWarning: invalid value encountered in double_scalars
<string>:1: RuntimeWarning: invalid value encountered in double_scalars
<string>:1: RuntimeWarning: invalid value encountered in double_scalars
<string>:1: RuntimeWarning: invalid value encountered in double_scalars
<string>:1: RuntimeWarning: invalid value encountered in double_scalars
<string>:1: RuntimeWarning: invalid value encountered in double_scalars
<string>:1: RuntimeWarning: invalid value encountered in double_scalars
<string>:1: RuntimeWarning: invalid value encountered in double_scalars
<string>:1: RuntimeWarning: invalid value encountered in double_scalars
<string>:1: RuntimeWarning: invalid value encountered in double_scalars
<string>:1: RuntimeWarning: invalid value encountered in double_scalars
<string>:1: RuntimeWarning: invalid value encountered in double_scalars
<string>:1: RuntimeWarning: invalid value encountered in double_scalars
<string>:1: RuntimeWarning: invalid value encountered in double_scalars
<string>:1: RuntimeWarning: invalid value encountered in double_scalars
<string>:1: RuntimeWarning: invalid value encountered in double_scalars
<string>:1: RuntimeWarning: invalid value encountered in double_scalars
<string>:1: RuntimeWarning: invalid value encountered in double_scalars
<string>:1: RuntimeWarning: invalid value encountered in double_scalars
<string>:1: RuntimeWarning: invalid value encountered in double_scalars
<string>:1: RuntimeWarning: invalid value encountered in double_scalars
<string>:1: RuntimeWarning: invalid value encountered in double_scalars
<string>:1: RuntimeWarning: invalid value encountered in double_scalars
<string>:1: RuntimeWarning: invalid value encountered in double_scalars
<string>:1: RuntimeWarning: invalid value encountered in double_scalars
<string>:1: RuntimeWarning: invalid value encountered in double_scalars
<string>:1: RuntimeWarning: invalid value encountered in double_scalars
<string>:1: RuntimeWarning: invalid value encountered in double_scalars
<string>:1: RuntimeWarning: invalid value encountered in double_scalars
<string>:1: RuntimeWarning: invalid value encountered in double_scalars
<string>:1: RuntimeWarning: invalid value encountered in double_scalars
<string>:1: RuntimeWarning: invalid value encountered in double_scalars
<string>:1: RuntimeWarning: invalid value encountered in double_scalars
<string>:1: RuntimeWarning: invalid value encountered in double_scalars
<string>:1: RuntimeWarning: invalid value encountered in double_scalars
<string>:1: RuntimeWarning: invalid value encountered in double_scalars
>> Regressao Numerica com GP: 
>> 1000 amostras;tamanho max da arvore: 5
>> Inicio (Execucao 0)
>> Fim da execucao (45.87446045875549 segundos)

>> Regressao Numerica com GP: 
>> 1000 amostras;tamanho max da arvore: 5
>> Inicio (Execucao 1)
>> Fim da execucao (44.91682314872742 segundos)

>> Regressao Numerica com GP: 
>> 1000 amostras;tamanho max da arvore: 5
>> Inicio (Execucao 2)
>> Fim da execucao (46.075862407684326 segundos)

>> Regressao Numerica com GP: 
>> 1000 amostras;tamanho max da arvore: 5
>> Inicio (Execucao 3)
>> Fim da execucao (45.66357636451721 segundos)

>> Regressao Numerica com GP: 
>> 1000 amostras;tamanho max da arvore: 5
>> Inicio (Execucao 4)
>> Fim da execucao (56.46202778816223 segundos)

>> Regressao Numerica com GP: 
>> 1000 amostras;tamanho max da arvore: 5
>> Inicio (Execucao 5)
>> Fim da execucao (47.54610466957092 segundos)

>> Regressao Numerica com GP: 
>> 1000 amostras;tamanho max da arvore: 5
>> Inicio (Execucao 6)
>> Fim da execucao (46.07406520843506 segundos)

>> Regressao Numerica com GP: 
>> 1000 amostras;tamanho max da arvore: 5
>> Inicio (Execucao 7)
>> Fim da execucao (47.86162734031677 segundos)

>> Regressao Numerica com GP: 
>> 1000 amostras;tamanho max da arvore: 5
>> Inicio (Execucao 8)
>> Fim da execucao (45.547218322753906 segundos)

>> Regressao Numerica com GP: 
>> 1000 amostras;tamanho max da arvore: 5
>> Inicio (Execucao 9)
>> Fim da execucao (47.091389179229736 segundos)

>> Regressao Numerica com GP: 
>> 2000 amostras;tamanho max da arvore: 5
>> Inicio (Execucao 0)
>> Fim da execucao (88.84509420394897 segundos)

>> Regressao Numerica com GP: 
>> 2000 amostras;tamanho max da arvore: 5
>> Inicio (Execucao 1)
>> Fim da execucao (89.06057906150818 segundos)

>> Regressao Numerica com GP: 
>> 2000 amostras;tamanho max da arvore: 5
>> Inicio (Execucao 2)
>> Fim da execucao (89.81045508384705 segundos)

>> Regressao Numerica com GP: 
>> 2000 amostras;tamanho max da arvore: 5
>> Inicio (Execucao 3)
>> Fim da execucao (85.58521485328674 segundos)

>> Regressao Numerica com GP: 
>> 2000 amostras;tamanho max da arvore: 5
>> Inicio (Execucao 4)
>> Fim da execucao (86.49775290489197 segundos)

>> Regressao Numerica com GP: 
>> 2000 amostras;tamanho max da arvore: 5
>> Inicio (Execucao 5)
>> Fim da execucao (88.01280975341797 segundos)

>> Regressao Numerica com GP: 
>> 2000 amostras;tamanho max da arvore: 5
>> Inicio (Execucao 6)
>> Fim da execucao (91.59461569786072 segundos)

>> Regressao Numerica com GP: 
>> 2000 amostras;tamanho max da arvore: 5
>> Inicio (Execucao 7)
>> Fim da execucao (87.64401388168335 segundos)

>> Regressao Numerica com GP: 
>> 2000 amostras;tamanho max da arvore: 5
>> Inicio (Execucao 8)
>> Fim da execucao (88.81095004081726 segundos)

>> Regressao Numerica com GP: 
>> 2000 amostras;tamanho max da arvore: 5
>> Inicio (Execucao 9)
>> Fim da execucao (86.7806704044342 segundos)

>> Regressao Numerica com GP: 
>> 3000 amostras;tamanho max da arvore: 5
>> Inicio (Execucao 0)
>> Fim da execucao (132.0652527809143 segundos)

>> Regressao Numerica com GP: 
>> 3000 amostras;tamanho max da arvore: 5
>> Inicio (Execucao 1)
>> Fim da execucao (135.34741830825806 segundos)

>> Regressao Numerica com GP: 
>> 3000 amostras;tamanho max da arvore: 5
>> Inicio (Execucao 2)
>> Fim da execucao (125.31594824790955 segundos)

>> Regressao Numerica com GP: 
>> 3000 amostras;tamanho max da arvore: 5
>> Inicio (Execucao 3)
>> Fim da execucao (129.6709907054901 segundos)

>> Regressao Numerica com GP: 
>> 3000 amostras;tamanho max da arvore: 5
>> Inicio (Execucao 4)
>> Fim da execucao (126.20011973381042 segundos)

>> Regressao Numerica com GP: 
>> 3000 amostras;tamanho max da arvore: 5
>> Inicio (Execucao 5)
>> Fim da execucao (126.85116147994995 segundos)

>> Regressao Numerica com GP: 
>> 3000 amostras;tamanho max da arvore: 5
>> Inicio (Execucao 6)
>> Fim da execucao (126.11186385154724 segundos)

>> Regressao Numerica com GP: 
>> 3000 amostras;tamanho max da arvore: 5
>> Inicio (Execucao 7)
>> Fim da execucao (124.76157426834106 segundos)

>> Regressao Numerica com GP: 
>> 3000 amostras;tamanho max da arvore: 5
>> Inicio (Execucao 8)
>> Fim da execucao (126.38804244995117 segundos)

>> Regressao Numerica com GP: 
>> 3000 amostras;tamanho max da arvore: 5
>> Inicio (Execucao 9)
>> Fim da execucao (123.61043214797974 segundos)

>> Regressao Numerica com GP: 
>> 5000 amostras;tamanho max da arvore: 5
>> Inicio (Execucao 0)
>> Fim da execucao (214.37404370307922 segundos)

>> Regressao Numerica com GP: 
>> 5000 amostras;tamanho max da arvore: 5
>> Inicio (Execucao 1)
>> Fim da execucao (205.07452630996704 segundos)

>> Regressao Numerica com GP: 
>> 5000 amostras;tamanho max da arvore: 5
>> Inicio (Execucao 2)
>> Fim da execucao (205.71861028671265 segundos)

>> Regressao Numerica com GP: 
>> 5000 amostras;tamanho max da arvore: 5
>> Inicio (Execucao 3)
>> Fim da execucao (208.0435779094696 segundos)

>> Regressao Numerica com GP: 
>> 5000 amostras;tamanho max da arvore: 5
>> Inicio (Execucao 4)
>> Fim da execucao (228.35427141189575 segundos)

>> Regressao Numerica com GP: 
>> 5000 amostras;tamanho max da arvore: 5
>> Inicio (Execucao 5)
>> Fim da execucao (204.4729962348938 segundos)

>> Regressao Numerica com GP: 
>> 5000 amostras;tamanho max da arvore: 5
>> Inicio (Execucao 6)
>> Fim da execucao (354.626428604126 segundos)

>> Regressao Numerica com GP: 
>> 5000 amostras;tamanho max da arvore: 5
>> Inicio (Execucao 7)
>> Fim da execucao (208.367737531662 segundos)

>> Regressao Numerica com GP: 
>> 5000 amostras;tamanho max da arvore: 5
>> Inicio (Execucao 8)
>> Fim da execucao (207.48243641853333 segundos)

>> Regressao Numerica com GP: 
>> 5000 amostras;tamanho max da arvore: 5
>> Inicio (Execucao 9)
>> Fim da execucao (204.13673162460327 segundos)

>> Regressao Numerica com GP: 
>> 10000 amostras;tamanho max da arvore: 5
>> Inicio (Execucao 0)
>> Fim da execucao (406.4836003780365 segundos)

>> Regressao Numerica com GP: 
>> 10000 amostras;tamanho max da arvore: 5
>> Inicio (Execucao 1)
>> Fim da execucao (411.24604201316833 segundos)

>> Regressao Numerica com GP: 
>> 10000 amostras;tamanho max da arvore: 5
>> Inicio (Execucao 2)
>> Fim da execucao (402.46058678627014 segundos)

>> Regressao Numerica com GP: 
>> 10000 amostras;tamanho max da arvore: 5
>> Inicio (Execucao 3)
>> Fim da execucao (415.6611075401306 segundos)

>> Regressao Numerica com GP: 
>> 10000 amostras;tamanho max da arvore: 5
>> Inicio (Execucao 4)
>> Fim da execucao (403.391072511673 segundos)

>> Regressao Numerica com GP: 
>> 10000 amostras;tamanho max da arvore: 5
>> Inicio (Execucao 5)
>> Fim da execucao (417.68831992149353 segundos)

>> Regressao Numerica com GP: 
>> 10000 amostras;tamanho max da arvore: 5
>> Inicio (Execucao 6)
>> Fim da execucao (404.3817412853241 segundos)

>> Regressao Numerica com GP: 
>> 10000 amostras;tamanho max da arvore: 5
>> Inicio (Execucao 7)
>> Fim da execucao (402.67263078689575 segundos)

>> Regressao Numerica com GP: 
>> 10000 amostras;tamanho max da arvore: 5
>> Inicio (Execucao 8)
>> Fim da execucao (417.07530641555786 segundos)

>> Regressao Numerica com GP: 
>> 10000 amostras;tamanho max da arvore: 5
>> Inicio (Execucao 9)
>> Fim da execucao (404.6167492866516 segundos)

>> Regressao Numerica com GP: 
>> 1000 amostras;tamanho max da arvore: 10
>> Inicio (Execucao 0)
>> Fim da execucao (48.268895626068115 segundos)

>> Regressao Numerica com GP: 
>> 1000 amostras;tamanho max da arvore: 10
>> Inicio (Execucao 1)
>> Fim da execucao (45.28728270530701 segundos)

>> Regressao Numerica com GP: 
>> 1000 amostras;tamanho max da arvore: 10
>> Inicio (Execucao 2)
>> Fim da execucao (45.21413826942444 segundos)

>> Regressao Numerica com GP: 
>> 1000 amostras;tamanho max da arvore: 10
>> Inicio (Execucao 3)
>> Fim da execucao (47.157368421554565 segundos)

>> Regressao Numerica com GP: 
>> 1000 amostras;tamanho max da arvore: 10
>> Inicio (Execucao 4)
>> Fim da execucao (157.05371594429016 segundos)

>> Regressao Numerica com GP: 
>> 1000 amostras;tamanho max da arvore: 10
>> Inicio (Execucao 5)
>> Fim da execucao (45.28750276565552 segundos)

>> Regressao Numerica com GP: 
>> 1000 amostras;tamanho max da arvore: 10
>> Inicio (Execucao 6)
>> Fim da execucao (46.61653470993042 segundos)

>> Regressao Numerica com GP: 
>> 1000 amostras;tamanho max da arvore: 10
>> Inicio (Execucao 7)
>> Fim da execucao (44.59994721412659 segundos)

>> Regressao Numerica com GP: 
>> 1000 amostras;tamanho max da arvore: 10
>> Inicio (Execucao 8)
>> Fim da execucao (45.52297019958496 segundos)

>> Regressao Numerica com GP: 
>> 1000 amostras;tamanho max da arvore: 10
>> Inicio (Execucao 9)
>> Fim da execucao (49.45505380630493 segundos)

>> Regressao Numerica com GP: 
>> 2000 amostras;tamanho max da arvore: 10
>> Inicio (Execucao 0)
>> Fim da execucao (85.56859755516052 segundos)

>> Regressao Numerica com GP: 
>> 2000 amostras;tamanho max da arvore: 10
>> Inicio (Execucao 1)
>> Fim da execucao (100.85148000717163 segundos)

>> Regressao Numerica com GP: 
>> 2000 amostras;tamanho max da arvore: 10
>> Inicio (Execucao 2)
>> Fim da execucao (85.44898390769958 segundos)

>> Regressao Numerica com GP: 
>> 2000 amostras;tamanho max da arvore: 10
>> Inicio (Execucao 3)
>> Fim da execucao (85.00064969062805 segundos)

>> Regressao Numerica com GP: 
>> 2000 amostras;tamanho max da arvore: 10
>> Inicio (Execucao 4)
>> Fim da execucao (85.780202627182 segundos)

>> Regressao Numerica com GP: 
>> 2000 amostras;tamanho max da arvore: 10
>> Inicio (Execucao 5)
>> Fim da execucao (92.25218296051025 segundos)

>> Regressao Numerica com GP: 
>> 2000 amostras;tamanho max da arvore: 10
>> Inicio (Execucao 6)
>> Fim da execucao (107.70483732223511 segundos)

>> Regressao Numerica com GP: 
>> 2000 amostras;tamanho max da arvore: 10
>> Inicio (Execucao 7)
>> Fim da execucao (87.36709141731262 segundos)

>> Regressao Numerica com GP: 
>> 2000 amostras;tamanho max da arvore: 10
>> Inicio (Execucao 8)
>> Fim da execucao (87.0584921836853 segundos)

>> Regressao Numerica com GP: 
>> 2000 amostras;tamanho max da arvore: 10
>> Inicio (Execucao 9)
>> Fim da execucao (90.39567375183105 segundos)

>> Regressao Numerica com GP: 
>> 3000 amostras;tamanho max da arvore: 10
>> Inicio (Execucao 0)
>> Fim da execucao (131.89787125587463 segundos)

>> Regressao Numerica com GP: 
>> 3000 amostras;tamanho max da arvore: 10
>> Inicio (Execucao 1)
>> Fim da execucao (127.46034598350525 segundos)

>> Regressao Numerica com GP: 
>> 3000 amostras;tamanho max da arvore: 10
>> Inicio (Execucao 2)
>> Fim da execucao (129.83698725700378 segundos)

>> Regressao Numerica com GP: 
>> 3000 amostras;tamanho max da arvore: 10
>> Inicio (Execucao 3)
>> Fim da execucao (127.19243741035461 segundos)

>> Regressao Numerica com GP: 
>> 3000 amostras;tamanho max da arvore: 10
>> Inicio (Execucao 4)
>> Fim da execucao (125.94222593307495 segundos)

>> Regressao Numerica com GP: 
>> 3000 amostras;tamanho max da arvore: 10
>> Inicio (Execucao 5)
>> Fim da execucao (167.2004497051239 segundos)

>> Regressao Numerica com GP: 
>> 3000 amostras;tamanho max da arvore: 10
>> Inicio (Execucao 6)
>> Fim da execucao (125.91331005096436 segundos)

>> Regressao Numerica com GP: 
>> 3000 amostras;tamanho max da arvore: 10
>> Inicio (Execucao 7)
>> Fim da execucao (124.49895191192627 segundos)

>> Regressao Numerica com GP: 
>> 3000 amostras;tamanho max da arvore: 10
>> Inicio (Execucao 8)
>> Fim da execucao (127.9388701915741 segundos)

>> Regressao Numerica com GP: 
>> 3000 amostras;tamanho max da arvore: 10
>> Inicio (Execucao 9)
>> Fim da execucao (129.34271121025085 segundos)

>> Regressao Numerica com GP: 
>> 5000 amostras;tamanho max da arvore: 10
>> Inicio (Execucao 0)
>> Fim da execucao (205.26665663719177 segundos)

>> Regressao Numerica com GP: 
>> 5000 amostras;tamanho max da arvore: 10
>> Inicio (Execucao 1)
>> Fim da execucao (205.6123764514923 segundos)

>> Regressao Numerica com GP: 
>> 5000 amostras;tamanho max da arvore: 10
>> Inicio (Execucao 2)
>> Fim da execucao (204.1769573688507 segundos)

>> Regressao Numerica com GP: 
>> 5000 amostras;tamanho max da arvore: 10
>> Inicio (Execucao 3)
>> Fim da execucao (205.15521955490112 segundos)

>> Regressao Numerica com GP: 
>> 5000 amostras;tamanho max da arvore: 10
>> Inicio (Execucao 4)
>> Fim da execucao (206.34585666656494 segundos)

>> Regressao Numerica com GP: 
>> 5000 amostras;tamanho max da arvore: 10
>> Inicio (Execucao 5)
>> Fim da execucao (203.14544034004211 segundos)

>> Regressao Numerica com GP: 
>> 5000 amostras;tamanho max da arvore: 10
>> Inicio (Execucao 6)
>> Fim da execucao (223.48605608940125 segundos)

>> Regressao Numerica com GP: 
>> 5000 amostras;tamanho max da arvore: 10
>> Inicio (Execucao 7)
>> Fim da execucao (225.35213136672974 segundos)

>> Regressao Numerica com GP: 
>> 5000 amostras;tamanho max da arvore: 10
>> Inicio (Execucao 8)
>> Fim da execucao (206.25358963012695 segundos)

>> Regressao Numerica com GP: 
>> 5000 amostras;tamanho max da arvore: 10
>> Inicio (Execucao 9)
>> Fim da execucao (219.90390706062317 segundos)

>> Regressao Numerica com GP: 
>> 10000 amostras;tamanho max da arvore: 10
>> Inicio (Execucao 0)
>> Fim da execucao (423.73168087005615 segundos)

>> Regressao Numerica com GP: 
>> 10000 amostras;tamanho max da arvore: 10
>> Inicio (Execucao 1)
>> Fim da execucao (426.4716377258301 segundos)

>> Regressao Numerica com GP: 
>> 10000 amostras;tamanho max da arvore: 10
>> Inicio (Execucao 2)
>> Fim da execucao (415.88881850242615 segundos)

>> Regressao Numerica com GP: 
>> 10000 amostras;tamanho max da arvore: 10
>> Inicio (Execucao 3)
>> Fim da execucao (401.6320173740387 segundos)

>> Regressao Numerica com GP: 
>> 10000 amostras;tamanho max da arvore: 10
>> Inicio (Execucao 4)
>> Fim da execucao (436.75726866722107 segundos)

>> Regressao Numerica com GP: 
>> 10000 amostras;tamanho max da arvore: 10
>> Inicio (Execucao 5)
>> Fim da execucao (408.34948563575745 segundos)

>> Regressao Numerica com GP: 
>> 10000 amostras;tamanho max da arvore: 10
>> Inicio (Execucao 6)
>> Fim da execucao (403.6793782711029 segundos)

>> Regressao Numerica com GP: 
>> 10000 amostras;tamanho max da arvore: 10
>> Inicio (Execucao 7)
>> Fim da execucao (410.1580083370209 segundos)

>> Regressao Numerica com GP: 
>> 10000 amostras;tamanho max da arvore: 10
>> Inicio (Execucao 8)
>> Fim da execucao (406.2792999744415 segundos)

>> Regressao Numerica com GP: 
>> 10000 amostras;tamanho max da arvore: 10
>> Inicio (Execucao 9)
>> Fim da execucao (408.83342957496643 segundos)

>> Regressao Numerica com GP: 
>> 1000 amostras;tamanho max da arvore: 17
>> Inicio (Execucao 0)
>> Fim da execucao (46.887964725494385 segundos)

>> Regressao Numerica com GP: 
>> 1000 amostras;tamanho max da arvore: 17
>> Inicio (Execucao 1)
>> Fim da execucao (45.09600520133972 segundos)

>> Regressao Numerica com GP: 
>> 1000 amostras;tamanho max da arvore: 17
>> Inicio (Execucao 2)
>> Fim da execucao (46.12383770942688 segundos)

>> Regressao Numerica com GP: 
>> 1000 amostras;tamanho max da arvore: 17
>> Inicio (Execucao 3)
>> Fim da execucao (45.05641722679138 segundos)

>> Regressao Numerica com GP: 
>> 1000 amostras;tamanho max da arvore: 17
>> Inicio (Execucao 4)
>> Fim da execucao (44.62350559234619 segundos)

>> Regressao Numerica com GP: 
>> 1000 amostras;tamanho max da arvore: 17
>> Inicio (Execucao 5)
>> Fim da execucao (45.43731331825256 segundos)

>> Regressao Numerica com GP: 
>> 1000 amostras;tamanho max da arvore: 17
>> Inicio (Execucao 6)
>> Fim da execucao (45.11014270782471 segundos)

>> Regressao Numerica com GP: 
>> 1000 amostras;tamanho max da arvore: 17
>> Inicio (Execucao 7)
>> Fim da execucao (44.62306046485901 segundos)

>> Regressao Numerica com GP: 
>> 1000 amostras;tamanho max da arvore: 17
>> Inicio (Execucao 8)
>> Fim da execucao (59.23075795173645 segundos)

>> Regressao Numerica com GP: 
>> 1000 amostras;tamanho max da arvore: 17
>> Inicio (Execucao 9)
>> Fim da execucao (109.3903157711029 segundos)

>> Regressao Numerica com GP: 
>> 2000 amostras;tamanho max da arvore: 17
>> Inicio (Execucao 0)
>> Fim da execucao (85.53073263168335 segundos)

>> Regressao Numerica com GP: 
>> 2000 amostras;tamanho max da arvore: 17
>> Inicio (Execucao 1)
>> Fim da execucao (85.22894406318665 segundos)

>> Regressao Numerica com GP: 
>> 2000 amostras;tamanho max da arvore: 17
>> Inicio (Execucao 2)
>> Fim da execucao (85.46399736404419 segundos)

>> Regressao Numerica com GP: 
>> 2000 amostras;tamanho max da arvore: 17
>> Inicio (Execucao 3)
>> Fim da execucao (87.46089243888855 segundos)

>> Regressao Numerica com GP: 
>> 2000 amostras;tamanho max da arvore: 17
>> Inicio (Execucao 4)
>> Fim da execucao (85.89637780189514 segundos)

>> Regressao Numerica com GP: 
>> 2000 amostras;tamanho max da arvore: 17
>> Inicio (Execucao 5)
>> Fim da execucao (155.603990316391 segundos)

>> Regressao Numerica com GP: 
>> 2000 amostras;tamanho max da arvore: 17
>> Inicio (Execucao 6)
>> Fim da execucao (89.69363212585449 segundos)

>> Regressao Numerica com GP: 
>> 2000 amostras;tamanho max da arvore: 17
>> Inicio (Execucao 7)
>> Fim da execucao (85.63843369483948 segundos)

>> Regressao Numerica com GP: 
>> 2000 amostras;tamanho max da arvore: 17
>> Inicio (Execucao 8)
>> Fim da execucao (85.05624485015869 segundos)

>> Regressao Numerica com GP: 
>> 2000 amostras;tamanho max da arvore: 17
>> Inicio (Execucao 9)
>> Fim da execucao (91.58207821846008 segundos)

>> Regressao Numerica com GP: 
>> 3000 amostras;tamanho max da arvore: 17
>> Inicio (Execucao 0)
>> Fim da execucao (125.37749695777893 segundos)

>> Regressao Numerica com GP: 
>> 3000 amostras;tamanho max da arvore: 17
>> Inicio (Execucao 1)
>> Fim da execucao (126.79679417610168 segundos)

>> Regressao Numerica com GP: 
>> 3000 amostras;tamanho max da arvore: 17
>> Inicio (Execucao 2)
>> Fim da execucao (126.91406226158142 segundos)

>> Regressao Numerica com GP: 
>> 3000 amostras;tamanho max da arvore: 17
>> Inicio (Execucao 3)
>> Fim da execucao (126.11608052253723 segundos)

>> Regressao Numerica com GP: 
>> 3000 amostras;tamanho max da arvore: 17
>> Inicio (Execucao 4)
>> Fim da execucao (126.39283442497253 segundos)

>> Regressao Numerica com GP: 
>> 3000 amostras;tamanho max da arvore: 17
>> Inicio (Execucao 5)
>> Fim da execucao (189.9294092655182 segundos)

>> Regressao Numerica com GP: 
>> 3000 amostras;tamanho max da arvore: 17
>> Inicio (Execucao 6)
>> Fim da execucao (125.4415054321289 segundos)

>> Regressao Numerica com GP: 
>> 3000 amostras;tamanho max da arvore: 17
>> Inicio (Execucao 7)
>> Fim da execucao (128.67919039726257 segundos)

>> Regressao Numerica com GP: 
>> 3000 amostras;tamanho max da arvore: 17
>> Inicio (Execucao 8)
>> Fim da execucao (126.68635368347168 segundos)

>> Regressao Numerica com GP: 
>> 3000 amostras;tamanho max da arvore: 17
>> Inicio (Execucao 9)
>> Fim da execucao (128.30617213249207 segundos)

>> Regressao Numerica com GP: 
>> 5000 amostras;tamanho max da arvore: 17
>> Inicio (Execucao 0)
>> Fim da execucao (327.9092826843262 segundos)

>> Regressao Numerica com GP: 
>> 5000 amostras;tamanho max da arvore: 17
>> Inicio (Execucao 1)
>> Fim da execucao (206.49636960029602 segundos)

>> Regressao Numerica com GP: 
>> 5000 amostras;tamanho max da arvore: 17
>> Inicio (Execucao 2)
>> Fim da execucao (212.63807034492493 segundos)

>> Regressao Numerica com GP: 
>> 5000 amostras;tamanho max da arvore: 17
>> Inicio (Execucao 3)
>> Fim da execucao (223.85793828964233 segundos)

>> Regressao Numerica com GP: 
>> 5000 amostras;tamanho max da arvore: 17
>> Inicio (Execucao 4)
>> Fim da execucao (208.74062037467957 segundos)

>> Regressao Numerica com GP: 
>> 5000 amostras;tamanho max da arvore: 17
>> Inicio (Execucao 5)
>> Fim da execucao (214.1815025806427 segundos)

>> Regressao Numerica com GP: 
>> 5000 amostras;tamanho max da arvore: 17
>> Inicio (Execucao 6)
>> Fim da execucao (207.4571931362152 segundos)

>> Regressao Numerica com GP: 
>> 5000 amostras;tamanho max da arvore: 17
>> Inicio (Execucao 7)
>> Fim da execucao (216.42683792114258 segundos)

>> Regressao Numerica com GP: 
>> 5000 amostras;tamanho max da arvore: 17
>> Inicio (Execucao 8)
>> Fim da execucao (209.1245014667511 segundos)

>> Regressao Numerica com GP: 
>> 5000 amostras;tamanho max da arvore: 17
>> Inicio (Execucao 9)
>> Fim da execucao (204.0032012462616 segundos)

>> Regressao Numerica com GP: 
>> 10000 amostras;tamanho max da arvore: 17
>> Inicio (Execucao 0)
>> Fim da execucao (406.2272744178772 segundos)

>> Regressao Numerica com GP: 
>> 10000 amostras;tamanho max da arvore: 17
>> Inicio (Execucao 1)
>> Fim da execucao (407.44008564949036 segundos)

>> Regressao Numerica com GP: 
>> 10000 amostras;tamanho max da arvore: 17
>> Inicio (Execucao 2)
>> Fim da execucao (424.710818529129 segundos)

>> Regressao Numerica com GP: 
>> 10000 amostras;tamanho max da arvore: 17
>> Inicio (Execucao 3)
>> Fim da execucao (418.187215089798 segundos)

>> Regressao Numerica com GP: 
>> 10000 amostras;tamanho max da arvore: 17
>> Inicio (Execucao 4)
>> Fim da execucao (407.3959786891937 segundos)

>> Regressao Numerica com GP: 
>> 10000 amostras;tamanho max da arvore: 17
>> Inicio (Execucao 5)
>> Fim da execucao (444.44459342956543 segundos)

>> Regressao Numerica com GP: 
>> 10000 amostras;tamanho max da arvore: 17
>> Inicio (Execucao 6)
>> Fim da execucao (405.50632524490356 segundos)

>> Regressao Numerica com GP: 
>> 10000 amostras;tamanho max da arvore: 17
>> Inicio (Execucao 7)
>> Fim da execucao (434.1918740272522 segundos)

>> Regressao Numerica com GP: 
>> 10000 amostras;tamanho max da arvore: 17
>> Inicio (Execucao 8)
>> Fim da execucao (406.52677607536316 segundos)

>> Regressao Numerica com GP: 
>> 10000 amostras;tamanho max da arvore: 17
>> Inicio (Execucao 9)
>> Fim da execucao (418.19077920913696 segundos)

>> Regressao Numerica com GP: 
>> 1000 amostras;tamanho max da arvore: 34
>> Inicio (Execucao 0)
>> Fim da execucao (46.47172164916992 segundos)

>> Regressao Numerica com GP: 
>> 1000 amostras;tamanho max da arvore: 34
>> Inicio (Execucao 1)
>> Fim da execucao (45.551366329193115 segundos)

>> Regressao Numerica com GP: 
>> 1000 amostras;tamanho max da arvore: 34
>> Inicio (Execucao 2)
>> Fim da execucao (47.11010503768921 segundos)

>> Regressao Numerica com GP: 
>> 1000 amostras;tamanho max da arvore: 34
>> Inicio (Execucao 3)
>> Fim da execucao (45.94758081436157 segundos)

>> Regressao Numerica com GP: 
>> 1000 amostras;tamanho max da arvore: 34
>> Inicio (Execucao 4)
>> Fim da execucao (45.70244860649109 segundos)

>> Regressao Numerica com GP: 
>> 1000 amostras;tamanho max da arvore: 34
>> Inicio (Execucao 5)
>> Fim da execucao (46.04572367668152 segundos)

>> Regressao Numerica com GP: 
>> 1000 amostras;tamanho max da arvore: 34
>> Inicio (Execucao 6)
>> Fim da execucao (46.51579666137695 segundos)

>> Regressao Numerica com GP: 
>> 1000 amostras;tamanho max da arvore: 34
>> Inicio (Execucao 7)
>> Fim da execucao (46.84849691390991 segundos)

>> Regressao Numerica com GP: 
>> 1000 amostras;tamanho max da arvore: 34
>> Inicio (Execucao 8)
>> Fim da execucao (44.51469397544861 segundos)

>> Regressao Numerica com GP: 
>> 1000 amostras;tamanho max da arvore: 34
>> Inicio (Execucao 9)
>> Fim da execucao (49.062098026275635 segundos)

>> Regressao Numerica com GP: 
>> 2000 amostras;tamanho max da arvore: 34
>> Inicio (Execucao 0)
>> Fim da execucao (86.94133567810059 segundos)

>> Regressao Numerica com GP: 
>> 2000 amostras;tamanho max da arvore: 34
>> Inicio (Execucao 1)
>> Fim da execucao (85.33374381065369 segundos)

>> Regressao Numerica com GP: 
>> 2000 amostras;tamanho max da arvore: 34
>> Inicio (Execucao 2)
>> Fim da execucao (85.92721271514893 segundos)

>> Regressao Numerica com GP: 
>> 2000 amostras;tamanho max da arvore: 34
>> Inicio (Execucao 3)
>> Fim da execucao (144.76643633842468 segundos)

>> Regressao Numerica com GP: 
>> 2000 amostras;tamanho max da arvore: 34
>> Inicio (Execucao 4)
>> Fim da execucao (92.78493356704712 segundos)

>> Regressao Numerica com GP: 
>> 2000 amostras;tamanho max da arvore: 34
>> Inicio (Execucao 5)
>> Fim da execucao (85.14903831481934 segundos)

>> Regressao Numerica com GP: 
>> 2000 amostras;tamanho max da arvore: 34
>> Inicio (Execucao 6)
>> Fim da execucao (85.22363376617432 segundos)

>> Regressao Numerica com GP: 
>> 2000 amostras;tamanho max da arvore: 34
>> Inicio (Execucao 7)
>> Fim da execucao (86.10443568229675 segundos)

>> Regressao Numerica com GP: 
>> 2000 amostras;tamanho max da arvore: 34
>> Inicio (Execucao 8)
>> Fim da execucao (87.21672201156616 segundos)

>> Regressao Numerica com GP: 
>> 2000 amostras;tamanho max da arvore: 34
>> Inicio (Execucao 9)
>> Fim da execucao (85.38169956207275 segundos)

>> Regressao Numerica com GP: 
>> 3000 amostras;tamanho max da arvore: 34
>> Inicio (Execucao 0)
>> Fim da execucao (128.89413499832153 segundos)

>> Regressao Numerica com GP: 
>> 3000 amostras;tamanho max da arvore: 34
>> Inicio (Execucao 1)
>> Fim da execucao (128.587632894516 segundos)

>> Regressao Numerica com GP: 
>> 3000 amostras;tamanho max da arvore: 34
>> Inicio (Execucao 2)
>> Fim da execucao (125.2952995300293 segundos)

>> Regressao Numerica com GP: 
>> 3000 amostras;tamanho max da arvore: 34
>> Inicio (Execucao 3)
>> Fim da execucao (195.74121570587158 segundos)

>> Regressao Numerica com GP: 
>> 3000 amostras;tamanho max da arvore: 34
>> Inicio (Execucao 4)
>> Fim da execucao (127.93215823173523 segundos)

>> Regressao Numerica com GP: 
>> 3000 amostras;tamanho max da arvore: 34
>> Inicio (Execucao 5)
>> Fim da execucao (125.7850251197815 segundos)

>> Regressao Numerica com GP: 
>> 3000 amostras;tamanho max da arvore: 34
>> Inicio (Execucao 6)
>> Fim da execucao (129.09599924087524 segundos)

>> Regressao Numerica com GP: 
>> 3000 amostras;tamanho max da arvore: 34
>> Inicio (Execucao 7)
>> Fim da execucao (125.75779795646667 segundos)

>> Regressao Numerica com GP: 
>> 3000 amostras;tamanho max da arvore: 34
>> Inicio (Execucao 8)
>> Fim da execucao (132.09871864318848 segundos)

>> Regressao Numerica com GP: 
>> 3000 amostras;tamanho max da arvore: 34
>> Inicio (Execucao 9)
>> Fim da execucao (126.56607961654663 segundos)

>> Regressao Numerica com GP: 
>> 5000 amostras;tamanho max da arvore: 34
>> Inicio (Execucao 0)
>> Fim da execucao (214.32572507858276 segundos)

>> Regressao Numerica com GP: 
>> 5000 amostras;tamanho max da arvore: 34
>> Inicio (Execucao 1)
>> Fim da execucao (206.8547797203064 segundos)

>> Regressao Numerica com GP: 
>> 5000 amostras;tamanho max da arvore: 34
>> Inicio (Execucao 2)
>> Fim da execucao (210.26266026496887 segundos)

>> Regressao Numerica com GP: 
>> 5000 amostras;tamanho max da arvore: 34
>> Inicio (Execucao 3)
>> Fim da execucao (209.57557940483093 segundos)

>> Regressao Numerica com GP: 
>> 5000 amostras;tamanho max da arvore: 34
>> Inicio (Execucao 4)
>> Fim da execucao (217.01869559288025 segundos)

>> Regressao Numerica com GP: 
>> 5000 amostras;tamanho max da arvore: 34
>> Inicio (Execucao 5)
>> Fim da execucao (204.6808853149414 segundos)

>> Regressao Numerica com GP: 
>> 5000 amostras;tamanho max da arvore: 34
>> Inicio (Execucao 6)
>> Fim da execucao (213.02546334266663 segundos)

>> Regressao Numerica com GP: 
>> 5000 amostras;tamanho max da arvore: 34
>> Inicio (Execucao 7)
>> Fim da execucao (684.4947838783264 segundos)

>> Regressao Numerica com GP: 
>> 5000 amostras;tamanho max da arvore: 34
>> Inicio (Execucao 8)
>> Fim da execucao (214.77160453796387 segundos)

>> Regressao Numerica com GP: 
>> 5000 amostras;tamanho max da arvore: 34
>> Inicio (Execucao 9)
>> Fim da execucao (222.62572145462036 segundos)

>> Regressao Numerica com GP: 
>> 10000 amostras;tamanho max da arvore: 34
>> Inicio (Execucao 0)
>> Fim da execucao (415.2608389854431 segundos)

>> Regressao Numerica com GP: 
>> 10000 amostras;tamanho max da arvore: 34
>> Inicio (Execucao 1)
>> Fim da execucao (411.44372963905334 segundos)

>> Regressao Numerica com GP: 
>> 10000 amostras;tamanho max da arvore: 34
>> Inicio (Execucao 2)
>> Fim da execucao (414.56547355651855 segundos)

>> Regressao Numerica com GP: 
>> 10000 amostras;tamanho max da arvore: 34
>> Inicio (Execucao 3)
>> Fim da execucao (408.36272859573364 segundos)

>> Regressao Numerica com GP: 
>> 10000 amostras;tamanho max da arvore: 34
>> Inicio (Execucao 4)
>> Fim da execucao (428.7875530719757 segundos)

>> Regressao Numerica com GP: 
>> 10000 amostras;tamanho max da arvore: 34
>> Inicio (Execucao 5)
>> Fim da execucao (430.78839445114136 segundos)

>> Regressao Numerica com GP: 
>> 10000 amostras;tamanho max da arvore: 34
>> Inicio (Execucao 6)
>> Fim da execucao (417.533718585968 segundos)

>> Regressao Numerica com GP: 
>> 10000 amostras;tamanho max da arvore: 34
>> Inicio (Execucao 7)
>> Fim da execucao (417.84122943878174 segundos)

>> Regressao Numerica com GP: 
>> 10000 amostras;tamanho max da arvore: 34
>> Inicio (Execucao 8)
>> Fim da execucao (411.06206917762756 segundos)

>> Regressao Numerica com GP: 
>> 10000 amostras;tamanho max da arvore: 34
>> Inicio (Execucao 9)
>> Fim da execucao (418.3927574157715 segundos)

>> Regressao Numerica com GP: 
>> 1000 amostras;tamanho max da arvore: 68
>> Inicio (Execucao 0)
>> Fim da execucao (45.54817295074463 segundos)

>> Regressao Numerica com GP: 
>> 1000 amostras;tamanho max da arvore: 68
>> Inicio (Execucao 1)
>> Fim da execucao (45.013163805007935 segundos)

>> Regressao Numerica com GP: 
>> 1000 amostras;tamanho max da arvore: 68
>> Inicio (Execucao 2)
>> Fim da execucao (182.86632204055786 segundos)

>> Regressao Numerica com GP: 
>> 1000 amostras;tamanho max da arvore: 68
>> Inicio (Execucao 3)
>> Fim da execucao (46.102617263793945 segundos)

>> Regressao Numerica com GP: 
>> 1000 amostras;tamanho max da arvore: 68
>> Inicio (Execucao 4)
>> Fim da execucao (45.926406383514404 segundos)

>> Regressao Numerica com GP: 
>> 1000 amostras;tamanho max da arvore: 68
>> Inicio (Execucao 5)
>> Fim da execucao (45.734058141708374 segundos)

>> Regressao Numerica com GP: 
>> 1000 amostras;tamanho max da arvore: 68
>> Inicio (Execucao 6)
>> Fim da execucao (66.9337329864502 segundos)

>> Regressao Numerica com GP: 
>> 1000 amostras;tamanho max da arvore: 68
>> Inicio (Execucao 7)
>> Fim da execucao (45.06291460990906 segundos)

>> Regressao Numerica com GP: 
>> 1000 amostras;tamanho max da arvore: 68
>> Inicio (Execucao 8)
>> Fim da execucao (46.1163911819458 segundos)

>> Regressao Numerica com GP: 
>> 1000 amostras;tamanho max da arvore: 68
>> Inicio (Execucao 9)
>> Fim da execucao (46.479387283325195 segundos)

>> Regressao Numerica com GP: 
>> 2000 amostras;tamanho max da arvore: 68
>> Inicio (Execucao 0)
>> Fim da execucao (90.09109497070312 segundos)

>> Regressao Numerica com GP: 
>> 2000 amostras;tamanho max da arvore: 68
>> Inicio (Execucao 1)
>> Fim da execucao (90.13576889038086 segundos)

>> Regressao Numerica com GP: 
>> 2000 amostras;tamanho max da arvore: 68
>> Inicio (Execucao 2)
>> Fim da execucao (85.26016092300415 segundos)

>> Regressao Numerica com GP: 
>> 2000 amostras;tamanho max da arvore: 68
>> Inicio (Execucao 3)
>> Fim da execucao (84.97757744789124 segundos)

>> Regressao Numerica com GP: 
>> 2000 amostras;tamanho max da arvore: 68
>> Inicio (Execucao 4)
>> Fim da execucao (84.88656187057495 segundos)

>> Regressao Numerica com GP: 
>> 2000 amostras;tamanho max da arvore: 68
>> Inicio (Execucao 5)
>> Fim da execucao (86.573317527771 segundos)

>> Regressao Numerica com GP: 
>> 2000 amostras;tamanho max da arvore: 68
>> Inicio (Execucao 6)
>> Fim da execucao (89.19380831718445 segundos)

>> Regressao Numerica com GP: 
>> 2000 amostras;tamanho max da arvore: 68
>> Inicio (Execucao 7)
>> Fim da execucao (90.54744291305542 segundos)

>> Regressao Numerica com GP: 
>> 2000 amostras;tamanho max da arvore: 68
>> Inicio (Execucao 8)
>> Fim da execucao (86.27962327003479 segundos)

>> Regressao Numerica com GP: 
>> 2000 amostras;tamanho max da arvore: 68
>> Inicio (Execucao 9)
>> Fim da execucao (86.09780311584473 segundos)

>> Regressao Numerica com GP: 
>> 3000 amostras;tamanho max da arvore: 68
>> Inicio (Execucao 0)
>> Fim da execucao (125.50612139701843 segundos)

>> Regressao Numerica com GP: 
>> 3000 amostras;tamanho max da arvore: 68
>> Inicio (Execucao 1)
>> Fim da execucao (124.99059081077576 segundos)

>> Regressao Numerica com GP: 
>> 3000 amostras;tamanho max da arvore: 68
>> Inicio (Execucao 2)
>> Fim da execucao (127.17147779464722 segundos)

>> Regressao Numerica com GP: 
>> 3000 amostras;tamanho max da arvore: 68
>> Inicio (Execucao 3)
>> Fim da execucao (129.59996032714844 segundos)

>> Regressao Numerica com GP: 
>> 3000 amostras;tamanho max da arvore: 68
>> Inicio (Execucao 4)
>> Fim da execucao (127.5388855934143 segundos)

>> Regressao Numerica com GP: 
>> 3000 amostras;tamanho max da arvore: 68
>> Inicio (Execucao 5)
>> Fim da execucao (127.19373154640198 segundos)

>> Regressao Numerica com GP: 
>> 3000 amostras;tamanho max da arvore: 68
>> Inicio (Execucao 6)
>> Fim da execucao (128.26448154449463 segundos)

>> Regressao Numerica com GP: 
>> 3000 amostras;tamanho max da arvore: 68
>> Inicio (Execucao 7)
>> Fim da execucao (125.58419561386108 segundos)

>> Regressao Numerica com GP: 
>> 3000 amostras;tamanho max da arvore: 68
>> Inicio (Execucao 8)
>> Fim da execucao (132.92549800872803 segundos)

>> Regressao Numerica com GP: 
>> 3000 amostras;tamanho max da arvore: 68
>> Inicio (Execucao 9)
>> Fim da execucao (129.58625411987305 segundos)

>> Regressao Numerica com GP: 
>> 5000 amostras;tamanho max da arvore: 68
>> Inicio (Execucao 0)
>> Fim da execucao (221.81076979637146 segundos)

>> Regressao Numerica com GP: 
>> 5000 amostras;tamanho max da arvore: 68
>> Inicio (Execucao 1)
>> Fim da execucao (213.55467772483826 segundos)

>> Regressao Numerica com GP: 
>> 5000 amostras;tamanho max da arvore: 68
>> Inicio (Execucao 2)
>> Fim da execucao (205.54840660095215 segundos)

>> Regressao Numerica com GP: 
>> 5000 amostras;tamanho max da arvore: 68
>> Inicio (Execucao 3)
>> Fim da execucao (219.02068877220154 segundos)

>> Regressao Numerica com GP: 
>> 5000 amostras;tamanho max da arvore: 68
>> Inicio (Execucao 4)
>> Fim da execucao (207.8033423423767 segundos)

>> Regressao Numerica com GP: 
>> 5000 amostras;tamanho max da arvore: 68
>> Inicio (Execucao 5)
>> Fim da execucao (203.2712047100067 segundos)

>> Regressao Numerica com GP: 
>> 5000 amostras;tamanho max da arvore: 68
>> Inicio (Execucao 6)
>> Fim da execucao (239.64319944381714 segundos)

>> Regressao Numerica com GP: 
>> 5000 amostras;tamanho max da arvore: 68
>> Inicio (Execucao 7)
>> Fim da execucao (210.66013407707214 segundos)

>> Regressao Numerica com GP: 
>> 5000 amostras;tamanho max da arvore: 68
>> Inicio (Execucao 8)
>> Fim da execucao (205.69878578186035 segundos)

>> Regressao Numerica com GP: 
>> 5000 amostras;tamanho max da arvore: 68
>> Inicio (Execucao 9)
>> Fim da execucao (206.71955394744873 segundos)

>> Regressao Numerica com GP: 
>> 10000 amostras;tamanho max da arvore: 68
>> Inicio (Execucao 0)
>> Fim da execucao (415.4421844482422 segundos)

>> Regressao Numerica com GP: 
>> 10000 amostras;tamanho max da arvore: 68
>> Inicio (Execucao 1)
>> Fim da execucao (417.70907163619995 segundos)

>> Regressao Numerica com GP: 
>> 10000 amostras;tamanho max da arvore: 68
>> Inicio (Execucao 2)
>> Fim da execucao (418.61619877815247 segundos)

>> Regressao Numerica com GP: 
>> 10000 amostras;tamanho max da arvore: 68
>> Inicio (Execucao 3)
>> Fim da execucao (407.46847677230835 segundos)

>> Regressao Numerica com GP: 
>> 10000 amostras;tamanho max da arvore: 68
>> Inicio (Execucao 4)
>> Fim da execucao (432.01203656196594 segundos)

>> Regressao Numerica com GP: 
>> 10000 amostras;tamanho max da arvore: 68
>> Inicio (Execucao 5)
>> Fim da execucao (457.2323262691498 segundos)

>> Regressao Numerica com GP: 
>> 10000 amostras;tamanho max da arvore: 68
>> Inicio (Execucao 6)
>> Fim da execucao (424.5951476097107 segundos)

>> Regressao Numerica com GP: 
>> 10000 amostras;tamanho max da arvore: 68
>> Inicio (Execucao 7)
>> Fim da execucao (405.9772229194641 segundos)

>> Regressao Numerica com GP: 
>> 10000 amostras;tamanho max da arvore: 68
>> Inicio (Execucao 8)
>> Fim da execucao (410.8944089412689 segundos)

>> Regressao Numerica com GP: 
>> 10000 amostras;tamanho max da arvore: 68
>> Inicio (Execucao 9)
>> Fim da execucao (412.43104338645935 segundos)

>> Regressao Numerica com GP: 
>> 1000 amostras;tamanho max da arvore: 90
>> Inicio (Execucao 0)
>> Fim da execucao (44.80323672294617 segundos)

>> Regressao Numerica com GP: 
>> 1000 amostras;tamanho max da arvore: 90
>> Inicio (Execucao 1)
>> Fim da execucao (45.25797986984253 segundos)

>> Regressao Numerica com GP: 
>> 1000 amostras;tamanho max da arvore: 90
>> Inicio (Execucao 2)
>> Fim da execucao (45.757471323013306 segundos)

>> Regressao Numerica com GP: 
>> 1000 amostras;tamanho max da arvore: 90
>> Inicio (Execucao 3)
>> Fim da execucao (47.11862564086914 segundos)

>> Regressao Numerica com GP: 
>> 1000 amostras;tamanho max da arvore: 90
>> Inicio (Execucao 4)
>> Fim da execucao (48.139243602752686 segundos)

>> Regressao Numerica com GP: 
>> 1000 amostras;tamanho max da arvore: 90
>> Inicio (Execucao 5)
Traceback (most recent call last):
  File "/root/anaconda3/lib/python3.6/site-packages/deap/gp.py", line 450, in compile
    return eval(code, pset.context, {})
MemoryError

During handling of the above exception, another exception occurred:

Traceback (most recent call last):
  File "symbreg1.py", line 238, in <module>
    MUTPB = MUTPB, 		NPOP = NPOP, 	train_percent = train_percent, 	verb = False,	FILE_NAME = filename)
  File "symbreg1.py", line 138, in main
    fitnesses = list(map(toolbox.evaluate, offspring))
  File "symbreg1.py", line 59, in evalSymbReg
    f_approx = toolbox.compile(expr=individual)
  File "/root/anaconda3/lib/python3.6/site-packages/deap/gp.py", line 457, in compile
    "DEAP will now abort.").with_traceback(traceback)
  File "/root/anaconda3/lib/python3.6/site-packages/deap/gp.py", line 450, in compile
    return eval(code, pset.context, {})
MemoryError: DEAP : Error in tree evaluation : Python cannot evaluate a tree higher than 90. To avoid this problem, you should use bloat control on your operators. See the DEAP documentation for more information. DEAP will now abort.
s_push: parser stack overflow
symbreg_alea.py:24: RuntimeWarning: divide by zero encountered in double_scalars
  return left / right
/root/anaconda3/lib/python3.6/site-packages/numpy/core/_methods.py:101: RuntimeWarning: invalid value encountered in subtract
  x = asanyarray(arr - arrmean)
symbreg_alea.py:24: RuntimeWarning: invalid value encountered in double_scalars
  return left / right
<string>:1: RuntimeWarning: invalid value encountered in double_scalars
>> Regressao Numerica com GP: 
>> 1000 amostras;tamanho max da arvore: 5
>> Inicio (Execucao 0)
>> Fim da execucao (46.1111273765564 segundos)

>> Regressao Numerica com GP: 
>> 1000 amostras;tamanho max da arvore: 5
>> Inicio (Execucao 1)
>> Fim da execucao (43.43169975280762 segundos)

>> Regressao Numerica com GP: 
>> 1000 amostras;tamanho max da arvore: 5
>> Inicio (Execucao 2)
>> Fim da execucao (43.814327001571655 segundos)

>> Regressao Numerica com GP: 
>> 1000 amostras;tamanho max da arvore: 5
>> Inicio (Execucao 3)
>> Fim da execucao (43.72666549682617 segundos)

>> Regressao Numerica com GP: 
>> 1000 amostras;tamanho max da arvore: 5
>> Inicio (Execucao 4)
>> Fim da execucao (45.1675078868866 segundos)

>> Regressao Numerica com GP: 
>> 1000 amostras;tamanho max da arvore: 5
>> Inicio (Execucao 5)
>> Fim da execucao (44.39337205886841 segundos)

>> Regressao Numerica com GP: 
>> 1000 amostras;tamanho max da arvore: 5
>> Inicio (Execucao 6)
>> Fim da execucao (44.44126772880554 segundos)

>> Regressao Numerica com GP: 
>> 1000 amostras;tamanho max da arvore: 5
>> Inicio (Execucao 7)
>> Fim da execucao (50.52742958068848 segundos)

>> Regressao Numerica com GP: 
>> 1000 amostras;tamanho max da arvore: 5
>> Inicio (Execucao 8)
>> Fim da execucao (61.45220398902893 segundos)

>> Regressao Numerica com GP: 
>> 1000 amostras;tamanho max da arvore: 5
>> Inicio (Execucao 9)
>> Fim da execucao (78.86662197113037 segundos)

>> Regressao Numerica com GP: 
>> 2000 amostras;tamanho max da arvore: 5
>> Inicio (Execucao 0)
>> Fim da execucao (84.10229015350342 segundos)

>> Regressao Numerica com GP: 
>> 2000 amostras;tamanho max da arvore: 5
>> Inicio (Execucao 1)
>> Fim da execucao (83.66047644615173 segundos)

>> Regressao Numerica com GP: 
>> 2000 amostras;tamanho max da arvore: 5
>> Inicio (Execucao 2)
>> Fim da execucao (82.9068512916565 segundos)

>> Regressao Numerica com GP: 
>> 2000 amostras;tamanho max da arvore: 5
>> Inicio (Execucao 3)
>> Fim da execucao (85.85593223571777 segundos)

>> Regressao Numerica com GP: 
>> 2000 amostras;tamanho max da arvore: 5
>> Inicio (Execucao 4)
>> Fim da execucao (85.94964480400085 segundos)

>> Regressao Numerica com GP: 
>> 2000 amostras;tamanho max da arvore: 5
>> Inicio (Execucao 5)
>> Fim da execucao (113.40541529655457 segundos)

>> Regressao Numerica com GP: 
>> 2000 amostras;tamanho max da arvore: 5
>> Inicio (Execucao 6)
>> Fim da execucao (82.85562682151794 segundos)

>> Regressao Numerica com GP: 
>> 2000 amostras;tamanho max da arvore: 5
>> Inicio (Execucao 7)
>> Fim da execucao (82.65713906288147 segundos)

>> Regressao Numerica com GP: 
>> 2000 amostras;tamanho max da arvore: 5
>> Inicio (Execucao 8)
>> Fim da execucao (86.64869356155396 segundos)

>> Regressao Numerica com GP: 
>> 2000 amostras;tamanho max da arvore: 5
>> Inicio (Execucao 9)
>> Fim da execucao (83.3963234424591 segundos)

>> Regressao Numerica com GP: 
>> 3000 amostras;tamanho max da arvore: 5
>> Inicio (Execucao 0)
>> Fim da execucao (122.24081087112427 segundos)

>> Regressao Numerica com GP: 
>> 3000 amostras;tamanho max da arvore: 5
>> Inicio (Execucao 1)
>> Fim da execucao (121.85951709747314 segundos)

>> Regressao Numerica com GP: 
>> 3000 amostras;tamanho max da arvore: 5
>> Inicio (Execucao 2)
>> Fim da execucao (123.4577329158783 segundos)

>> Regressao Numerica com GP: 
>> 3000 amostras;tamanho max da arvore: 5
>> Inicio (Execucao 3)
>> Fim da execucao (120.97440981864929 segundos)

>> Regressao Numerica com GP: 
>> 3000 amostras;tamanho max da arvore: 5
>> Inicio (Execucao 4)
>> Fim da execucao (188.8942859172821 segundos)

>> Regressao Numerica com GP: 
>> 3000 amostras;tamanho max da arvore: 5
>> Inicio (Execucao 5)
>> Fim da execucao (120.91700839996338 segundos)

>> Regressao Numerica com GP: 
>> 3000 amostras;tamanho max da arvore: 5
>> Inicio (Execucao 6)
>> Fim da execucao (121.6082694530487 segundos)

>> Regressao Numerica com GP: 
>> 3000 amostras;tamanho max da arvore: 5
>> Inicio (Execucao 7)
>> Fim da execucao (121.35937452316284 segundos)

>> Regressao Numerica com GP: 
>> 3000 amostras;tamanho max da arvore: 5
>> Inicio (Execucao 8)
>> Fim da execucao (190.39303374290466 segundos)

>> Regressao Numerica com GP: 
>> 3000 amostras;tamanho max da arvore: 5
>> Inicio (Execucao 9)
>> Fim da execucao (171.69292569160461 segundos)

>> Regressao Numerica com GP: 
>> 5000 amostras;tamanho max da arvore: 5
>> Inicio (Execucao 0)
>> Fim da execucao (199.88418245315552 segundos)

>> Regressao Numerica com GP: 
>> 5000 amostras;tamanho max da arvore: 5
>> Inicio (Execucao 1)
>> Fim da execucao (247.3472545146942 segundos)

>> Regressao Numerica com GP: 
>> 5000 amostras;tamanho max da arvore: 5
>> Inicio (Execucao 2)
>> Fim da execucao (210.3147430419922 segundos)

>> Regressao Numerica com GP: 
>> 5000 amostras;tamanho max da arvore: 5
>> Inicio (Execucao 3)
>> Fim da execucao (199.78049612045288 segundos)

>> Regressao Numerica com GP: 
>> 5000 amostras;tamanho max da arvore: 5
>> Inicio (Execucao 4)
>> Fim da execucao (202.21011567115784 segundos)

>> Regressao Numerica com GP: 
>> 5000 amostras;tamanho max da arvore: 5
>> Inicio (Execucao 5)
>> Fim da execucao (206.399671792984 segundos)

>> Regressao Numerica com GP: 
>> 5000 amostras;tamanho max da arvore: 5
>> Inicio (Execucao 6)
>> Fim da execucao (208.92060685157776 segundos)

>> Regressao Numerica com GP: 
>> 5000 amostras;tamanho max da arvore: 5
>> Inicio (Execucao 7)
>> Fim da execucao (209.69843554496765 segundos)

>> Regressao Numerica com GP: 
>> 5000 amostras;tamanho max da arvore: 5
>> Inicio (Execucao 8)
>> Fim da execucao (206.2128975391388 segundos)

>> Regressao Numerica com GP: 
>> 5000 amostras;tamanho max da arvore: 5
>> Inicio (Execucao 9)
>> Fim da execucao (201.80261301994324 segundos)

>> Regressao Numerica com GP: 
>> 10000 amostras;tamanho max da arvore: 5
>> Inicio (Execucao 0)
>> Fim da execucao (395.7620179653168 segundos)

>> Regressao Numerica com GP: 
>> 10000 amostras;tamanho max da arvore: 5
>> Inicio (Execucao 1)
>> Fim da execucao (398.7608485221863 segundos)

>> Regressao Numerica com GP: 
>> 10000 amostras;tamanho max da arvore: 5
>> Inicio (Execucao 2)
>> Fim da execucao (395.2754726409912 segundos)

>> Regressao Numerica com GP: 
>> 10000 amostras;tamanho max da arvore: 5
>> Inicio (Execucao 3)
>> Fim da execucao (394.81028628349304 segundos)

>> Regressao Numerica com GP: 
>> 10000 amostras;tamanho max da arvore: 5
>> Inicio (Execucao 4)
>> Fim da execucao (395.30714440345764 segundos)

>> Regressao Numerica com GP: 
>> 10000 amostras;tamanho max da arvore: 5
>> Inicio (Execucao 5)
>> Fim da execucao (399.8839998245239 segundos)

>> Regressao Numerica com GP: 
>> 10000 amostras;tamanho max da arvore: 5
>> Inicio (Execucao 6)
>> Fim da execucao (396.9715518951416 segundos)

>> Regressao Numerica com GP: 
>> 10000 amostras;tamanho max da arvore: 5
>> Inicio (Execucao 7)
>> Fim da execucao (559.4909343719482 segundos)

>> Regressao Numerica com GP: 
>> 10000 amostras;tamanho max da arvore: 5
>> Inicio (Execucao 8)
>> Fim da execucao (395.95121240615845 segundos)

>> Regressao Numerica com GP: 
>> 10000 amostras;tamanho max da arvore: 5
>> Inicio (Execucao 9)
>> Fim da execucao (402.997433423996 segundos)

>> Regressao Numerica com GP: 
>> 1000 amostras;tamanho max da arvore: 10
>> Inicio (Execucao 0)
>> Fim da execucao (105.066157579422 segundos)

>> Regressao Numerica com GP: 
>> 1000 amostras;tamanho max da arvore: 10
>> Inicio (Execucao 1)
>> Fim da execucao (81.84659051895142 segundos)

>> Regressao Numerica com GP: 
>> 1000 amostras;tamanho max da arvore: 10
>> Inicio (Execucao 2)
>> Fim da execucao (110.77187752723694 segundos)

>> Regressao Numerica com GP: 
>> 1000 amostras;tamanho max da arvore: 10
>> Inicio (Execucao 3)
>> Fim da execucao (45.286762952804565 segundos)

>> Regressao Numerica com GP: 
>> 1000 amostras;tamanho max da arvore: 10
>> Inicio (Execucao 4)
>> Fim da execucao (47.8795440196991 segundos)

>> Regressao Numerica com GP: 
>> 1000 amostras;tamanho max da arvore: 10
>> Inicio (Execucao 5)
>> Fim da execucao (79.79892754554749 segundos)

>> Regressao Numerica com GP: 
>> 1000 amostras;tamanho max da arvore: 10
>> Inicio (Execucao 6)
>> Fim da execucao (173.84997820854187 segundos)

>> Regressao Numerica com GP: 
>> 1000 amostras;tamanho max da arvore: 10
>> Inicio (Execucao 7)
>> Fim da execucao (80.98943138122559 segundos)

>> Regressao Numerica com GP: 
>> 1000 amostras;tamanho max da arvore: 10
>> Inicio (Execucao 8)
>> Fim da execucao (48.55011057853699 segundos)

>> Regressao Numerica com GP: 
>> 1000 amostras;tamanho max da arvore: 10
>> Inicio (Execucao 9)
>> Fim da execucao (106.62786102294922 segundos)

>> Regressao Numerica com GP: 
>> 2000 amostras;tamanho max da arvore: 10
>> Inicio (Execucao 0)
>> Fim da execucao (83.8355622291565 segundos)

>> Regressao Numerica com GP: 
>> 2000 amostras;tamanho max da arvore: 10
>> Inicio (Execucao 1)
>> Fim da execucao (84.22010445594788 segundos)

>> Regressao Numerica com GP: 
>> 2000 amostras;tamanho max da arvore: 10
>> Inicio (Execucao 2)
>> Fim da execucao (168.08419370651245 segundos)

>> Regressao Numerica com GP: 
>> 2000 amostras;tamanho max da arvore: 10
>> Inicio (Execucao 3)
>> Fim da execucao (82.43820786476135 segundos)

>> Regressao Numerica com GP: 
>> 2000 amostras;tamanho max da arvore: 10
>> Inicio (Execucao 4)
>> Fim da execucao (200.22094321250916 segundos)

>> Regressao Numerica com GP: 
>> 2000 amostras;tamanho max da arvore: 10
>> Inicio (Execucao 5)
>> Fim da execucao (82.559987783432 segundos)

>> Regressao Numerica com GP: 
>> 2000 amostras;tamanho max da arvore: 10
>> Inicio (Execucao 6)
>> Fim da execucao (194.84651041030884 segundos)

>> Regressao Numerica com GP: 
>> 2000 amostras;tamanho max da arvore: 10
>> Inicio (Execucao 7)
>> Fim da execucao (81.99532628059387 segundos)

>> Regressao Numerica com GP: 
>> 2000 amostras;tamanho max da arvore: 10
>> Inicio (Execucao 8)
>> Fim da execucao (83.61947631835938 segundos)

>> Regressao Numerica com GP: 
>> 2000 amostras;tamanho max da arvore: 10
>> Inicio (Execucao 9)
>> Fim da execucao (84.84980344772339 segundos)

>> Regressao Numerica com GP: 
>> 3000 amostras;tamanho max da arvore: 10
>> Inicio (Execucao 0)
>> Fim da execucao (124.85387825965881 segundos)

>> Regressao Numerica com GP: 
>> 3000 amostras;tamanho max da arvore: 10
>> Inicio (Execucao 1)
>> Fim da execucao (120.87440323829651 segundos)

>> Regressao Numerica com GP: 
>> 3000 amostras;tamanho max da arvore: 10
>> Inicio (Execucao 2)
>> Fim da execucao (124.11007261276245 segundos)

>> Regressao Numerica com GP: 
>> 3000 amostras;tamanho max da arvore: 10
>> Inicio (Execucao 3)
>> Fim da execucao (123.38484859466553 segundos)

>> Regressao Numerica com GP: 
>> 3000 amostras;tamanho max da arvore: 10
>> Inicio (Execucao 4)
>> Fim da execucao (123.54408931732178 segundos)

>> Regressao Numerica com GP: 
>> 3000 amostras;tamanho max da arvore: 10
>> Inicio (Execucao 5)
>> Fim da execucao (133.3384668827057 segundos)

>> Regressao Numerica com GP: 
>> 3000 amostras;tamanho max da arvore: 10
>> Inicio (Execucao 6)
>> Fim da execucao (122.03628993034363 segundos)

>> Regressao Numerica com GP: 
>> 3000 amostras;tamanho max da arvore: 10
>> Inicio (Execucao 7)
>> Fim da execucao (213.42191743850708 segundos)

>> Regressao Numerica com GP: 
>> 3000 amostras;tamanho max da arvore: 10
>> Inicio (Execucao 8)
>> Fim da execucao (122.46627521514893 segundos)

>> Regressao Numerica com GP: 
>> 3000 amostras;tamanho max da arvore: 10
>> Inicio (Execucao 9)
>> Fim da execucao (121.6887047290802 segundos)

>> Regressao Numerica com GP: 
>> 5000 amostras;tamanho max da arvore: 10
>> Inicio (Execucao 0)
>> Fim da execucao (364.21763134002686 segundos)

>> Regressao Numerica com GP: 
>> 5000 amostras;tamanho max da arvore: 10
>> Inicio (Execucao 1)
>> Fim da execucao (197.82725930213928 segundos)

>> Regressao Numerica com GP: 
>> 5000 amostras;tamanho max da arvore: 10
>> Inicio (Execucao 2)
>> Fim da execucao (198.77135848999023 segundos)

>> Regressao Numerica com GP: 
>> 5000 amostras;tamanho max da arvore: 10
>> Inicio (Execucao 3)
>> Fim da execucao (200.22348952293396 segundos)

>> Regressao Numerica com GP: 
>> 5000 amostras;tamanho max da arvore: 10
>> Inicio (Execucao 4)
>> Fim da execucao (197.75452780723572 segundos)

>> Regressao Numerica com GP: 
>> 5000 amostras;tamanho max da arvore: 10
>> Inicio (Execucao 5)
>> Fim da execucao (199.50907945632935 segundos)

>> Regressao Numerica com GP: 
>> 5000 amostras;tamanho max da arvore: 10
>> Inicio (Execucao 6)
>> Fim da execucao (199.5663869380951 segundos)

>> Regressao Numerica com GP: 
>> 5000 amostras;tamanho max da arvore: 10
>> Inicio (Execucao 7)
>> Fim da execucao (199.18944668769836 segundos)

>> Regressao Numerica com GP: 
>> 5000 amostras;tamanho max da arvore: 10
>> Inicio (Execucao 8)
>> Fim da execucao (425.2485568523407 segundos)

>> Regressao Numerica com GP: 
>> 5000 amostras;tamanho max da arvore: 10
>> Inicio (Execucao 9)
>> Fim da execucao (198.19861817359924 segundos)

>> Regressao Numerica com GP: 
>> 10000 amostras;tamanho max da arvore: 10
>> Inicio (Execucao 0)
>> Fim da execucao (389.8579065799713 segundos)

>> Regressao Numerica com GP: 
>> 10000 amostras;tamanho max da arvore: 10
>> Inicio (Execucao 1)
>> Fim da execucao (393.40231919288635 segundos)

>> Regressao Numerica com GP: 
>> 10000 amostras;tamanho max da arvore: 10
>> Inicio (Execucao 2)
>> Fim da execucao (391.2662637233734 segundos)

>> Regressao Numerica com GP: 
>> 10000 amostras;tamanho max da arvore: 10
>> Inicio (Execucao 3)
>> Fim da execucao (395.271427154541 segundos)

>> Regressao Numerica com GP: 
>> 10000 amostras;tamanho max da arvore: 10
>> Inicio (Execucao 4)
>> Fim da execucao (395.68042159080505 segundos)

>> Regressao Numerica com GP: 
>> 10000 amostras;tamanho max da arvore: 10
>> Inicio (Execucao 5)
>> Fim da execucao (392.34395694732666 segundos)

>> Regressao Numerica com GP: 
>> 10000 amostras;tamanho max da arvore: 10
>> Inicio (Execucao 6)
>> Fim da execucao (393.8832459449768 segundos)

>> Regressao Numerica com GP: 
>> 10000 amostras;tamanho max da arvore: 10
>> Inicio (Execucao 7)
>> Fim da execucao (396.5424392223358 segundos)

>> Regressao Numerica com GP: 
>> 10000 amostras;tamanho max da arvore: 10
>> Inicio (Execucao 8)
>> Fim da execucao (397.8270356655121 segundos)

>> Regressao Numerica com GP: 
>> 10000 amostras;tamanho max da arvore: 10
>> Inicio (Execucao 9)
>> Fim da execucao (391.47709822654724 segundos)

>> Regressao Numerica com GP: 
>> 1000 amostras;tamanho max da arvore: 17
>> Inicio (Execucao 0)
>> Fim da execucao (45.40929055213928 segundos)

>> Regressao Numerica com GP: 
>> 1000 amostras;tamanho max da arvore: 17
>> Inicio (Execucao 1)
>> Fim da execucao (44.62262272834778 segundos)

>> Regressao Numerica com GP: 
>> 1000 amostras;tamanho max da arvore: 17
>> Inicio (Execucao 2)
>> Fim da execucao (112.61024236679077 segundos)

>> Regressao Numerica com GP: 
>> 1000 amostras;tamanho max da arvore: 17
>> Inicio (Execucao 3)
>> Fim da execucao (124.93255805969238 segundos)

>> Regressao Numerica com GP: 
>> 1000 amostras;tamanho max da arvore: 17
>> Inicio (Execucao 4)
>> Fim da execucao (44.149327754974365 segundos)

>> Regressao Numerica com GP: 
>> 1000 amostras;tamanho max da arvore: 17
>> Inicio (Execucao 5)
>> Fim da execucao (165.68128657341003 segundos)

>> Regressao Numerica com GP: 
>> 1000 amostras;tamanho max da arvore: 17
>> Inicio (Execucao 6)
>> Fim da execucao (135.97692012786865 segundos)

>> Regressao Numerica com GP: 
>> 1000 amostras;tamanho max da arvore: 17
>> Inicio (Execucao 7)
>> Fim da execucao (203.9530794620514 segundos)

>> Regressao Numerica com GP: 
>> 1000 amostras;tamanho max da arvore: 17
>> Inicio (Execucao 8)
>> Fim da execucao (44.73911261558533 segundos)

>> Regressao Numerica com GP: 
>> 1000 amostras;tamanho max da arvore: 17
>> Inicio (Execucao 9)
>> Fim da execucao (49.395490646362305 segundos)

>> Regressao Numerica com GP: 
>> 2000 amostras;tamanho max da arvore: 17
>> Inicio (Execucao 0)
>> Fim da execucao (83.30243682861328 segundos)

>> Regressao Numerica com GP: 
>> 2000 amostras;tamanho max da arvore: 17
>> Inicio (Execucao 1)
>> Fim da execucao (88.11579966545105 segundos)

>> Regressao Numerica com GP: 
>> 2000 amostras;tamanho max da arvore: 17
>> Inicio (Execucao 2)
>> Fim da execucao (82.93143725395203 segundos)

>> Regressao Numerica com GP: 
>> 2000 amostras;tamanho max da arvore: 17
>> Inicio (Execucao 3)
>> Fim da execucao (303.2363266944885 segundos)

>> Regressao Numerica com GP: 
>> 2000 amostras;tamanho max da arvore: 17
>> Inicio (Execucao 4)
>> Fim da execucao (83.63073968887329 segundos)

>> Regressao Numerica com GP: 
>> 2000 amostras;tamanho max da arvore: 17
>> Inicio (Execucao 5)
>> Fim da execucao (82.47269535064697 segundos)

>> Regressao Numerica com GP: 
>> 2000 amostras;tamanho max da arvore: 17
>> Inicio (Execucao 6)
>> Fim da execucao (82.49451565742493 segundos)

>> Regressao Numerica com GP: 
>> 2000 amostras;tamanho max da arvore: 17
>> Inicio (Execucao 7)
>> Fim da execucao (84.36328601837158 segundos)

>> Regressao Numerica com GP: 
>> 2000 amostras;tamanho max da arvore: 17
>> Inicio (Execucao 8)
>> Fim da execucao (326.3114438056946 segundos)

>> Regressao Numerica com GP: 
>> 2000 amostras;tamanho max da arvore: 17
>> Inicio (Execucao 9)
>> Fim da execucao (344.0102581977844 segundos)

>> Regressao Numerica com GP: 
>> 3000 amostras;tamanho max da arvore: 17
>> Inicio (Execucao 0)
>> Fim da execucao (778.1712577342987 segundos)

>> Regressao Numerica com GP: 
>> 3000 amostras;tamanho max da arvore: 17
>> Inicio (Execucao 1)
>> Fim da execucao (121.60786747932434 segundos)

>> Regressao Numerica com GP: 
>> 3000 amostras;tamanho max da arvore: 17
>> Inicio (Execucao 2)
>> Fim da execucao (120.95815181732178 segundos)

>> Regressao Numerica com GP: 
>> 3000 amostras;tamanho max da arvore: 17
>> Inicio (Execucao 3)
>> Fim da execucao (121.55757689476013 segundos)

>> Regressao Numerica com GP: 
>> 3000 amostras;tamanho max da arvore: 17
>> Inicio (Execucao 4)
>> Fim da execucao (121.32833886146545 segundos)

>> Regressao Numerica com GP: 
>> 3000 amostras;tamanho max da arvore: 17
>> Inicio (Execucao 5)
>> Fim da execucao (125.27311825752258 segundos)

>> Regressao Numerica com GP: 
>> 3000 amostras;tamanho max da arvore: 17
>> Inicio (Execucao 6)
>> Fim da execucao (121.58850502967834 segundos)

>> Regressao Numerica com GP: 
>> 3000 amostras;tamanho max da arvore: 17
>> Inicio (Execucao 7)
>> Fim da execucao (121.43402647972107 segundos)

>> Regressao Numerica com GP: 
>> 3000 amostras;tamanho max da arvore: 17
>> Inicio (Execucao 8)
>> Fim da execucao (121.86795020103455 segundos)

>> Regressao Numerica com GP: 
>> 3000 amostras;tamanho max da arvore: 17
>> Inicio (Execucao 9)
>> Fim da execucao (127.24446201324463 segundos)

>> Regressao Numerica com GP: 
>> 5000 amostras;tamanho max da arvore: 17
>> Inicio (Execucao 0)
>> Fim da execucao (199.31234002113342 segundos)

>> Regressao Numerica com GP: 
>> 5000 amostras;tamanho max da arvore: 17
>> Inicio (Execucao 1)
>> Fim da execucao (203.0984468460083 segundos)

>> Regressao Numerica com GP: 
>> 5000 amostras;tamanho max da arvore: 17
>> Inicio (Execucao 2)
>> Fim da execucao (201.7591691017151 segundos)

>> Regressao Numerica com GP: 
>> 5000 amostras;tamanho max da arvore: 17
>> Inicio (Execucao 3)
>> Fim da execucao (202.54056119918823 segundos)

>> Regressao Numerica com GP: 
>> 5000 amostras;tamanho max da arvore: 17
>> Inicio (Execucao 4)
>> Fim da execucao (199.75839376449585 segundos)

>> Regressao Numerica com GP: 
>> 5000 amostras;tamanho max da arvore: 17
>> Inicio (Execucao 5)
>> Fim da execucao (205.30872893333435 segundos)

>> Regressao Numerica com GP: 
>> 5000 amostras;tamanho max da arvore: 17
>> Inicio (Execucao 6)
>> Fim da execucao (204.85925388336182 segundos)

>> Regressao Numerica com GP: 
>> 5000 amostras;tamanho max da arvore: 17
>> Inicio (Execucao 7)
>> Fim da execucao (219.6788308620453 segundos)

>> Regressao Numerica com GP: 
>> 5000 amostras;tamanho max da arvore: 17
>> Inicio (Execucao 8)
>> Fim da execucao (201.47109532356262 segundos)

>> Regressao Numerica com GP: 
>> 5000 amostras;tamanho max da arvore: 17
>> Inicio (Execucao 9)
>> Fim da execucao (210.7859869003296 segundos)

>> Regressao Numerica com GP: 
>> 10000 amostras;tamanho max da arvore: 17
>> Inicio (Execucao 0)
>> Fim da execucao (392.6178116798401 segundos)

>> Regressao Numerica com GP: 
>> 10000 amostras;tamanho max da arvore: 17
>> Inicio (Execucao 1)
>> Fim da execucao (394.7305021286011 segundos)

>> Regressao Numerica com GP: 
>> 10000 amostras;tamanho max da arvore: 17
>> Inicio (Execucao 2)
>> Fim da execucao (391.9586045742035 segundos)

>> Regressao Numerica com GP: 
>> 10000 amostras;tamanho max da arvore: 17
>> Inicio (Execucao 3)
>> Fim da execucao (407.00835967063904 segundos)

>> Regressao Numerica com GP: 
>> 10000 amostras;tamanho max da arvore: 17
>> Inicio (Execucao 4)
>> Fim da execucao (397.3809652328491 segundos)

>> Regressao Numerica com GP: 
>> 10000 amostras;tamanho max da arvore: 17
>> Inicio (Execucao 5)
>> Fim da execucao (390.3434281349182 segundos)

>> Regressao Numerica com GP: 
>> 10000 amostras;tamanho max da arvore: 17
>> Inicio (Execucao 6)
>> Fim da execucao (403.07220458984375 segundos)

>> Regressao Numerica com GP: 
>> 10000 amostras;tamanho max da arvore: 17
>> Inicio (Execucao 7)
>> Fim da execucao (388.64481687545776 segundos)

>> Regressao Numerica com GP: 
>> 10000 amostras;tamanho max da arvore: 17
>> Inicio (Execucao 8)
>> Fim da execucao (394.0675482749939 segundos)

>> Regressao Numerica com GP: 
>> 10000 amostras;tamanho max da arvore: 17
>> Inicio (Execucao 9)
>> Fim da execucao (401.1177523136139 segundos)

>> Regressao Numerica com GP: 
>> 1000 amostras;tamanho max da arvore: 34
>> Inicio (Execucao 0)
>> Fim da execucao (150.2025647163391 segundos)

>> Regressao Numerica com GP: 
>> 1000 amostras;tamanho max da arvore: 34
>> Inicio (Execucao 1)
>> Fim da execucao (130.29023051261902 segundos)

>> Regressao Numerica com GP: 
>> 1000 amostras;tamanho max da arvore: 34
>> Inicio (Execucao 2)
>> Fim da execucao (250.53865885734558 segundos)

>> Regressao Numerica com GP: 
>> 1000 amostras;tamanho max da arvore: 34
>> Inicio (Execucao 3)
>> Fim da execucao (139.25537753105164 segundos)

>> Regressao Numerica com GP: 
>> 1000 amostras;tamanho max da arvore: 34
>> Inicio (Execucao 4)
>> Fim da execucao (477.68301224708557 segundos)

>> Regressao Numerica com GP: 
>> 1000 amostras;tamanho max da arvore: 34
>> Inicio (Execucao 5)
>> Fim da execucao (44.141546964645386 segundos)

>> Regressao Numerica com GP: 
>> 1000 amostras;tamanho max da arvore: 34
>> Inicio (Execucao 6)
>> Fim da execucao (43.607462644577026 segundos)

>> Regressao Numerica com GP: 
>> 1000 amostras;tamanho max da arvore: 34
>> Inicio (Execucao 7)
>> Fim da execucao (47.87970042228699 segundos)

>> Regressao Numerica com GP: 
>> 1000 amostras;tamanho max da arvore: 34
>> Inicio (Execucao 8)
>> Fim da execucao (43.399757862091064 segundos)

>> Regressao Numerica com GP: 
>> 1000 amostras;tamanho max da arvore: 34
>> Inicio (Execucao 9)
>> Fim da execucao (326.5287790298462 segundos)

>> Regressao Numerica com GP: 
>> 2000 amostras;tamanho max da arvore: 34
>> Inicio (Execucao 0)
>> Fim da execucao (82.6011381149292 segundos)

>> Regressao Numerica com GP: 
>> 2000 amostras;tamanho max da arvore: 34
>> Inicio (Execucao 1)
>> Fim da execucao (83.21429967880249 segundos)

>> Regressao Numerica com GP: 
>> 2000 amostras;tamanho max da arvore: 34
>> Inicio (Execucao 2)
>> Fim da execucao (86.34981298446655 segundos)

>> Regressao Numerica com GP: 
>> 2000 amostras;tamanho max da arvore: 34
>> Inicio (Execucao 3)
>> Fim da execucao (82.59641480445862 segundos)

>> Regressao Numerica com GP: 
>> 2000 amostras;tamanho max da arvore: 34
>> Inicio (Execucao 4)
>> Fim da execucao (82.49283242225647 segundos)

>> Regressao Numerica com GP: 
>> 2000 amostras;tamanho max da arvore: 34
>> Inicio (Execucao 5)
>> Fim da execucao (82.95555806159973 segundos)

>> Regressao Numerica com GP: 
>> 2000 amostras;tamanho max da arvore: 34
>> Inicio (Execucao 6)
>> Fim da execucao (82.87994480133057 segundos)

>> Regressao Numerica com GP: 
>> 2000 amostras;tamanho max da arvore: 34
>> Inicio (Execucao 7)
>> Fim da execucao (82.6679220199585 segundos)

>> Regressao Numerica com GP: 
>> 2000 amostras;tamanho max da arvore: 34
>> Inicio (Execucao 8)
>> Fim da execucao (321.64349818229675 segundos)

>> Regressao Numerica com GP: 
>> 2000 amostras;tamanho max da arvore: 34
>> Inicio (Execucao 9)
>> Fim da execucao (317.5322427749634 segundos)

>> Regressao Numerica com GP: 
>> 3000 amostras;tamanho max da arvore: 34
>> Inicio (Execucao 0)
>> Fim da execucao (121.30780816078186 segundos)

>> Regressao Numerica com GP: 
>> 3000 amostras;tamanho max da arvore: 34
>> Inicio (Execucao 1)
>> Fim da execucao (121.96160793304443 segundos)

>> Regressao Numerica com GP: 
>> 3000 amostras;tamanho max da arvore: 34
>> Inicio (Execucao 2)
>> Fim da execucao (126.91651797294617 segundos)

>> Regressao Numerica com GP: 
>> 3000 amostras;tamanho max da arvore: 34
>> Inicio (Execucao 3)
>> Fim da execucao (122.46199345588684 segundos)

>> Regressao Numerica com GP: 
>> 3000 amostras;tamanho max da arvore: 34
>> Inicio (Execucao 4)
>> Fim da execucao (121.28793954849243 segundos)

>> Regressao Numerica com GP: 
>> 3000 amostras;tamanho max da arvore: 34
>> Inicio (Execucao 5)
>> Fim da execucao (120.62180471420288 segundos)

>> Regressao Numerica com GP: 
>> 3000 amostras;tamanho max da arvore: 34
>> Inicio (Execucao 6)
>> Fim da execucao (121.51043677330017 segundos)

>> Regressao Numerica com GP: 
>> 3000 amostras;tamanho max da arvore: 34
>> Inicio (Execucao 7)
>> Fim da execucao (121.51443338394165 segundos)

>> Regressao Numerica com GP: 
>> 3000 amostras;tamanho max da arvore: 34
>> Inicio (Execucao 8)
>> Fim da execucao (123.38142156600952 segundos)

>> Regressao Numerica com GP: 
>> 3000 amostras;tamanho max da arvore: 34
>> Inicio (Execucao 9)
>> Fim da execucao (128.23993396759033 segundos)

>> Regressao Numerica com GP: 
>> 5000 amostras;tamanho max da arvore: 34
>> Inicio (Execucao 0)
>> Fim da execucao (209.5072660446167 segundos)

>> Regressao Numerica com GP: 
>> 5000 amostras;tamanho max da arvore: 34
>> Inicio (Execucao 1)
>> Fim da execucao (197.81523203849792 segundos)

>> Regressao Numerica com GP: 
>> 5000 amostras;tamanho max da arvore: 34
>> Inicio (Execucao 2)
>> Fim da execucao (198.16775965690613 segundos)

>> Regressao Numerica com GP: 
>> 5000 amostras;tamanho max da arvore: 34
>> Inicio (Execucao 3)
>> Fim da execucao (199.4087724685669 segundos)

>> Regressao Numerica com GP: 
>> 5000 amostras;tamanho max da arvore: 34
>> Inicio (Execucao 4)
>> Fim da execucao (202.48534846305847 segundos)

>> Regressao Numerica com GP: 
>> 5000 amostras;tamanho max da arvore: 34
>> Inicio (Execucao 5)
>> Fim da execucao (200.54897165298462 segundos)

>> Regressao Numerica com GP: 
>> 5000 amostras;tamanho max da arvore: 34
>> Inicio (Execucao 6)
>> Fim da execucao (203.58083701133728 segundos)

>> Regressao Numerica com GP: 
>> 5000 amostras;tamanho max da arvore: 34
>> Inicio (Execucao 7)
>> Fim da execucao (206.14089131355286 segundos)

>> Regressao Numerica com GP: 
>> 5000 amostras;tamanho max da arvore: 34
>> Inicio (Execucao 8)
>> Fim da execucao (201.84266209602356 segundos)

>> Regressao Numerica com GP: 
>> 5000 amostras;tamanho max da arvore: 34
>> Inicio (Execucao 9)
>> Fim da execucao (198.6343445777893 segundos)

>> Regressao Numerica com GP: 
>> 10000 amostras;tamanho max da arvore: 34
>> Inicio (Execucao 0)
>> Fim da execucao (391.66493225097656 segundos)

>> Regressao Numerica com GP: 
>> 10000 amostras;tamanho max da arvore: 34
>> Inicio (Execucao 1)
>> Fim da execucao (401.3850133419037 segundos)

>> Regressao Numerica com GP: 
>> 10000 amostras;tamanho max da arvore: 34
>> Inicio (Execucao 2)
>> Fim da execucao (395.5890152454376 segundos)

>> Regressao Numerica com GP: 
>> 10000 amostras;tamanho max da arvore: 34
>> Inicio (Execucao 3)
>> Fim da execucao (395.88774824142456 segundos)

>> Regressao Numerica com GP: 
>> 10000 amostras;tamanho max da arvore: 34
>> Inicio (Execucao 4)
>> Fim da execucao (424.3232452869415 segundos)

>> Regressao Numerica com GP: 
>> 10000 amostras;tamanho max da arvore: 34
>> Inicio (Execucao 5)
>> Fim da execucao (391.32915139198303 segundos)

>> Regressao Numerica com GP: 
>> 10000 amostras;tamanho max da arvore: 34
>> Inicio (Execucao 6)
>> Fim da execucao (395.5563907623291 segundos)

>> Regressao Numerica com GP: 
>> 10000 amostras;tamanho max da arvore: 34
>> Inicio (Execucao 7)
>> Fim da execucao (391.6773133277893 segundos)

>> Regressao Numerica com GP: 
>> 10000 amostras;tamanho max da arvore: 34
>> Inicio (Execucao 8)
>> Fim da execucao (453.75275111198425 segundos)

>> Regressao Numerica com GP: 
>> 10000 amostras;tamanho max da arvore: 34
>> Inicio (Execucao 9)
>> Fim da execucao (393.38994336128235 segundos)

>> Regressao Numerica com GP: 
>> 1000 amostras;tamanho max da arvore: 68
>> Inicio (Execucao 0)
>> Fim da execucao (43.49140477180481 segundos)

>> Regressao Numerica com GP: 
>> 1000 amostras;tamanho max da arvore: 68
>> Inicio (Execucao 1)
>> Fim da execucao (44.170490741729736 segundos)

>> Regressao Numerica com GP: 
>> 1000 amostras;tamanho max da arvore: 68
>> Inicio (Execucao 2)
>> Fim da execucao (483.76808428764343 segundos)

>> Regressao Numerica com GP: 
>> 1000 amostras;tamanho max da arvore: 68
>> Inicio (Execucao 3)
>> Fim da execucao (43.532705545425415 segundos)

>> Regressao Numerica com GP: 
>> 1000 amostras;tamanho max da arvore: 68
>> Inicio (Execucao 4)
>> Fim da execucao (43.503772497177124 segundos)

>> Regressao Numerica com GP: 
>> 1000 amostras;tamanho max da arvore: 68
>> Inicio (Execucao 5)
>> Fim da execucao (46.18393898010254 segundos)

>> Regressao Numerica com GP: 
>> 1000 amostras;tamanho max da arvore: 68
>> Inicio (Execucao 6)
>> Fim da execucao (44.16892433166504 segundos)

>> Regressao Numerica com GP: 
>> 1000 amostras;tamanho max da arvore: 68
>> Inicio (Execucao 7)
>> Fim da execucao (262.3796601295471 segundos)

>> Regressao Numerica com GP: 
>> 1000 amostras;tamanho max da arvore: 68
>> Inicio (Execucao 8)
>> Fim da execucao (43.94124388694763 segundos)

>> Regressao Numerica com GP: 
>> 1000 amostras;tamanho max da arvore: 68
>> Inicio (Execucao 9)
>> Fim da execucao (43.55455923080444 segundos)

>> Regressao Numerica com GP: 
>> 2000 amostras;tamanho max da arvore: 68
>> Inicio (Execucao 0)
>> Fim da execucao (83.00180172920227 segundos)

>> Regressao Numerica com GP: 
>> 2000 amostras;tamanho max da arvore: 68
>> Inicio (Execucao 1)
>> Fim da execucao (91.81079769134521 segundos)

>> Regressao Numerica com GP: 
>> 2000 amostras;tamanho max da arvore: 68
>> Inicio (Execucao 2)
>> Fim da execucao (84.39472770690918 segundos)

>> Regressao Numerica com GP: 
>> 2000 amostras;tamanho max da arvore: 68
>> Inicio (Execucao 3)
>> Fim da execucao (686.4269599914551 segundos)

>> Regressao Numerica com GP: 
>> 2000 amostras;tamanho max da arvore: 68
>> Inicio (Execucao 4)
>> Fim da execucao (87.9583752155304 segundos)

>> Regressao Numerica com GP: 
>> 2000 amostras;tamanho max da arvore: 68
>> Inicio (Execucao 5)
>> Fim da execucao (82.35228872299194 segundos)

>> Regressao Numerica com GP: 
>> 2000 amostras;tamanho max da arvore: 68
>> Inicio (Execucao 6)
>> Fim da execucao (82.37945365905762 segundos)

>> Regressao Numerica com GP: 
>> 2000 amostras;tamanho max da arvore: 68
>> Inicio (Execucao 7)
>> Fim da execucao (83.37103319168091 segundos)

>> Regressao Numerica com GP: 
>> 2000 amostras;tamanho max da arvore: 68
>> Inicio (Execucao 8)
>> Fim da execucao (83.87097096443176 segundos)

>> Regressao Numerica com GP: 
>> 2000 amostras;tamanho max da arvore: 68
>> Inicio (Execucao 9)
>> Fim da execucao (85.11571979522705 segundos)

>> Regressao Numerica com GP: 
>> 3000 amostras;tamanho max da arvore: 68
>> Inicio (Execucao 0)
>> Fim da execucao (121.34624981880188 segundos)

>> Regressao Numerica com GP: 
>> 3000 amostras;tamanho max da arvore: 68
>> Inicio (Execucao 1)
>> Fim da execucao (120.99684643745422 segundos)

>> Regressao Numerica com GP: 
>> 3000 amostras;tamanho max da arvore: 68
>> Inicio (Execucao 2)
>> Fim da execucao (122.56961989402771 segundos)

>> Regressao Numerica com GP: 
>> 3000 amostras;tamanho max da arvore: 68
>> Inicio (Execucao 3)
>> Fim da execucao (121.37263035774231 segundos)

>> Regressao Numerica com GP: 
>> 3000 amostras;tamanho max da arvore: 68
>> Inicio (Execucao 4)
>> Fim da execucao (130.01631593704224 segundos)

>> Regressao Numerica com GP: 
>> 3000 amostras;tamanho max da arvore: 68
>> Inicio (Execucao 5)
>> Fim da execucao (122.18695116043091 segundos)

>> Regressao Numerica com GP: 
>> 3000 amostras;tamanho max da arvore: 68
>> Inicio (Execucao 6)
>> Fim da execucao (120.25000429153442 segundos)

>> Regressao Numerica com GP: 
>> 3000 amostras;tamanho max da arvore: 68
>> Inicio (Execucao 7)
>> Fim da execucao (122.23612117767334 segundos)

>> Regressao Numerica com GP: 
>> 3000 amostras;tamanho max da arvore: 68
>> Inicio (Execucao 8)
>> Fim da execucao (129.02956795692444 segundos)

>> Regressao Numerica com GP: 
>> 3000 amostras;tamanho max da arvore: 68
>> Inicio (Execucao 9)
>> Fim da execucao (189.76067209243774 segundos)

>> Regressao Numerica com GP: 
>> 5000 amostras;tamanho max da arvore: 68
>> Inicio (Execucao 0)
>> Fim da execucao (198.51146268844604 segundos)

>> Regressao Numerica com GP: 
>> 5000 amostras;tamanho max da arvore: 68
>> Inicio (Execucao 1)
>> Fim da execucao (199.4517846107483 segundos)

>> Regressao Numerica com GP: 
>> 5000 amostras;tamanho max da arvore: 68
>> Inicio (Execucao 2)
>> Fim da execucao (198.44121408462524 segundos)

>> Regressao Numerica com GP: 
>> 5000 amostras;tamanho max da arvore: 68
>> Inicio (Execucao 3)
>> Fim da execucao (199.37527704238892 segundos)

>> Regressao Numerica com GP: 
>> 5000 amostras;tamanho max da arvore: 68
>> Inicio (Execucao 4)
>> Fim da execucao (202.1493639945984 segundos)

>> Regressao Numerica com GP: 
>> 5000 amostras;tamanho max da arvore: 68
>> Inicio (Execucao 5)
>> Fim da execucao (199.82134127616882 segundos)

>> Regressao Numerica com GP: 
>> 5000 amostras;tamanho max da arvore: 68
>> Inicio (Execucao 6)
>> Fim da execucao (213.035959482193 segundos)

>> Regressao Numerica com GP: 
>> 5000 amostras;tamanho max da arvore: 68
>> Inicio (Execucao 7)
>> Fim da execucao (202.7849724292755 segundos)

>> Regressao Numerica com GP: 
>> 5000 amostras;tamanho max da arvore: 68
>> Inicio (Execucao 8)
>> Fim da execucao (200.50298070907593 segundos)

>> Regressao Numerica com GP: 
>> 5000 amostras;tamanho max da arvore: 68
>> Inicio (Execucao 9)
>> Fim da execucao (202.1091809272766 segundos)

>> Regressao Numerica com GP: 
>> 10000 amostras;tamanho max da arvore: 68
>> Inicio (Execucao 0)
>> Fim da execucao (394.04101181030273 segundos)

>> Regressao Numerica com GP: 
>> 10000 amostras;tamanho max da arvore: 68
>> Inicio (Execucao 1)
>> Fim da execucao (393.5502595901489 segundos)

>> Regressao Numerica com GP: 
>> 10000 amostras;tamanho max da arvore: 68
>> Inicio (Execucao 2)
>> Fim da execucao (403.10079741477966 segundos)

>> Regressao Numerica com GP: 
>> 10000 amostras;tamanho max da arvore: 68
>> Inicio (Execucao 3)
>> Fim da execucao (395.19575357437134 segundos)

>> Regressao Numerica com GP: 
>> 10000 amostras;tamanho max da arvore: 68
>> Inicio (Execucao 4)
>> Fim da execucao (393.3266513347626 segundos)

>> Regressao Numerica com GP: 
>> 10000 amostras;tamanho max da arvore: 68
>> Inicio (Execucao 5)
>> Fim da execucao (392.4722728729248 segundos)

>> Regressao Numerica com GP: 
>> 10000 amostras;tamanho max da arvore: 68
>> Inicio (Execucao 6)
>> Fim da execucao (391.21762704849243 segundos)

>> Regressao Numerica com GP: 
>> 10000 amostras;tamanho max da arvore: 68
>> Inicio (Execucao 7)
>> Fim da execucao (395.2233600616455 segundos)

>> Regressao Numerica com GP: 
>> 10000 amostras;tamanho max da arvore: 68
>> Inicio (Execucao 8)
>> Fim da execucao (392.1171374320984 segundos)

>> Regressao Numerica com GP: 
>> 10000 amostras;tamanho max da arvore: 68
>> Inicio (Execucao 9)
>> Fim da execucao (396.53141927719116 segundos)

>> Regressao Numerica com GP: 
>> 1000 amostras;tamanho max da arvore: 90
>> Inicio (Execucao 0)
>> Fim da execucao (43.35200881958008 segundos)

>> Regressao Numerica com GP: 
>> 1000 amostras;tamanho max da arvore: 90
>> Inicio (Execucao 1)
>> Fim da execucao (44.91688895225525 segundos)

>> Regressao Numerica com GP: 
>> 1000 amostras;tamanho max da arvore: 90
>> Inicio (Execucao 2)
Traceback (most recent call last):
  File "/root/anaconda3/lib/python3.6/site-packages/deap/gp.py", line 450, in compile
    return eval(code, pset.context, {})
MemoryError

During handling of the above exception, another exception occurred:

Traceback (most recent call last):
  File "symbreg_alea.py", line 236, in <module>
    MUTPB = MUTPB, 		NPOP = NPOP, 	train_percent = train_percent, 	verb = False,	FILE_NAME = filename)
  File "symbreg_alea.py", line 138, in main
    fitnesses = list(map(toolbox.evaluate, offspring))
  File "symbreg_alea.py", line 59, in evalSymbReg
    f_approx = toolbox.compile(expr=individual)
  File "/root/anaconda3/lib/python3.6/site-packages/deap/gp.py", line 457, in compile
    "DEAP will now abort.").with_traceback(traceback)
  File "/root/anaconda3/lib/python3.6/site-packages/deap/gp.py", line 450, in compile
    return eval(code, pset.context, {})
MemoryError: DEAP : Error in tree evaluation : Python cannot evaluate a tree higher than 90. To avoid this problem, you should use bloat control on your operators. See the DEAP documentation for more information. DEAP will now abort.
