1051
450
>> Regressao Numerica com GP: 
>> 1502 amostras;tamanho max da arvore: 5
>> Inicio (Execucao 0)
   	        	                      fitness                      	              size              
   	        	---------------------------------------------------	--------------------------------
gen	time    	avg       	max        	min    	std        	avg   	max	min	std     
0  	0.266433	1.6524e+09	4.19188e+11	1501.36	2.45067e+10	1.5515	4  	1  	0.702279
1  	0.270363	424824    	7.38093e+07	1455.2 	4.5095e+06 	1.57285	5  	1  	0.776086
2  	0.26883 	7.7373e+06	9.32134e+08	1455.2 	7.69724e+07	1.59406	5  	1  	0.78153 
3  	0.267157	8.52368e+10	2.16717e+13	1388.28	1.25157e+12	1.64474	5  	1  	0.818438
4  	0.27109 	3.49783e+09	9.37936e+11	1388.28	5.38382e+10	1.68525	5  	1  	0.837216
5  	0.273297	4.78598e+08	6.35235e+10	1388.28	5.17083e+09	1.65033	4  	1  	0.847112
6  	0.263759	2.08173e+08	6.35004e+10	1388.28	3.61819e+09	1.53094	5  	1  	0.740754
7  	0.261444	7.03637e+10	2.16719e+13	1388.28	1.23287e+12	1.47078	5  	1  	0.761784
8  	0.255074	7.015e+10  	2.16717e+13	1388.28	1.23086e+12	1.39482	4  	1  	0.677497
9  	0.256434	2.05365e+08	6.34827e+10	1295.09	3.59973e+09	1.43548	4  	1  	0.740988
10 	0.268899	1.06901e+14	3.09158e+16	1388.28	1.7548e+15 	1.6463 	5  	1  	0.902111
11 	0.293451	2.66688e+06	6.49071e+08	1342.42	3.67472e+07	1.96795	5  	1  	0.976781
12 	0.31185 	6.00359e+10	1.87908e+13	1262.63	1.06042e+12	2.25559	5  	1  	0.958488
13 	0.332737	1.04528e+09	2.54192e+11	1199.59	1.47586e+10	2.51274	5  	1  	1.02275 
14 	0.353508	3.31851e+07	9.61395e+09	1115.28	5.41331e+08	2.73333	5  	1  	1.06249 
15 	0.379605	2.04734e+08	6.35189e+10	1115.28	3.56774e+09	3.03165	5  	1  	1.17689 
16 	0.396689	4.08093e+08	6.56871e+10	1115.28	5.11448e+09	3.23344	5  	1  	1.19241 
17 	0.415405	4.17278e+08	6.35104e+10	1115.28	5.0138e+09 	3.39308	5  	1  	1.18675 
18 	0.428166	7.30989e+12	2.33185e+15	1082.67	1.30354e+14	3.4953 	5  	1  	1.28622 
19 	0.467944	1.79789e+07	4.75183e+09	1079.71	2.70109e+08	3.71875	5  	1  	1.22307 
20 	0.502475	5.94094e+08	6.35573e+10	1079.71	6.11196e+09	3.8162 	5  	1  	1.13313 
21 	0.551094	3.02906e+07	9.61805e+09	1057.76	5.35143e+08	4.14596	5  	1  	1.0398  
22 	0.570452	142590     	1.9208e+07 	976.63 	1.525e+06  	4.21053	5  	1  	1.00722 
23 	0.601249	6.97852e+10	2.16724e+13	958.409	1.20312e+12	4.32407	5  	1  	0.941125
24 	0.633211	2.88816e+09	9.38249e+11	926.896	5.19645e+10	4.44923	5  	1  	0.874269
25 	0.668142	6.6485e+10 	2.1672e+13 	926.896	1.19846e+12	4.56135	5  	2  	0.771965
26 	0.687824	1.76205e+06	4.67541e+08	926.702	2.59054e+07	4.6422 	5  	1  	0.776445
27 	0.732141	4.56962e+06	9.68909e+08	875.581	5.9326e+07 	4.71951	5  	1  	0.698856
28 	0.752945	1.94244e+08	6.35401e+10	875.581	3.4977e+09 	4.79027	5  	1  	0.615229
29 	0.756532	1.4689e+06 	4.7011e+08 	875.581	2.58431e+07	4.76364	5  	1  	0.668702
30 	0.784402	6.54788e+10	2.16721e+13	814.087	1.18941e+12	4.7855 	5  	1  	0.586274
31 	0.785027	2.14201e+08	6.1465e+10 	814.087	3.40764e+09	4.81024	5  	1  	0.608784
32 	0.812751	2.23128e+06	6.52333e+08	814.087	3.57426e+07	4.84384	5  	1  	0.530963
33 	0.843066	1.97483e+08	6.55091e+10	813.699	3.57908e+09	4.91018	5  	1  	0.39193 
34 	0.856314	3.62162e+06	6.49587e+08	813.699	4.34151e+07	4.90149	5  	1  	0.429332
35 	0.881227	3.22521e+06	9.3692e+08 	789.844	5.10823e+07	4.84226	5  	1  	0.563365
36 	0.89195 	4.49319e+08	8.6556e+10 	789.844	5.84059e+09	4.92582	5  	1  	0.322938
37 	0.883998	6.41197e+10	2.16719e+13	789.844	1.17705e+12	4.86095	5  	2  	0.45659 
38 	0.906149	360606     	1.91844e+07	789.844	2.21775e+06	4.88201	5  	1  	0.464936
39 	0.934207	197860     	1.91692e+07	782.141	1.6545e+06 	4.88824	5  	1  	0.513789
40 	0.928628	7.45526e+08	2.5409e+11 	782.141	1.37395e+10	4.90323	5  	1  	0.418791
41 	0.948487	4.23362e+06	6.50083e+08	781.429	4.95917e+07	4.91813	5  	1  	0.396282
42 	0.952234	1.12416e+09	2.54115e+11	779.218	1.45663e+10	4.87464	5  	1  	0.487779
43 	0.965201	2.12927e+08	6.35023e+10	770.003	3.45626e+09	4.88081	5  	1  	0.511818
44 	0.99009 	2.14862e+08	6.35141e+10	769.656	3.45214e+09	4.93043	5  	1  	0.358461
45 	0.984547	311355     	1.9208e+07 	767.326	2.1825e+06 	4.86705	5  	1  	0.573712
46 	0.999586	366215     	1.94584e+07	767.326	2.37441e+06	4.90778	5  	1  	0.419445
47 	1.03303 	319295     	1.9127e+07 	755.105	2.22392e+06	4.92529	5  	2  	0.401354
48 	1.04582 	254506     	1.87108e+07	755.105	1.81399e+06	4.93983	5  	1  	0.319995
49 	1.04868 	2.13597e+06	6.51192e+08	755.105	3.48e+07   	4.90571	5  	1  	0.489573
50 	1.07283 	589570     	7.50015e+07	740.237	5.73526e+06	4.93162	5  	1  	0.407756
51 	1.09378 	487871     	7.52238e+07	737.808	4.4042e+06 	4.9517 	5  	1  	0.292807
52 	1.10304 	2.64148e+13	9.32436e+15	737.808	4.95582e+14	4.98584	5  	4  	0.118168
53 	1.14514 	2.63402e+13	9.32442e+15	737.808	4.94887e+14	4.9661 	5  	2  	0.289131
54 	1.15879 	382035     	1.88104e+07	717.319	2.23445e+06	4.98592	5  	2  	0.175464
55 	1.18173 	6.54807e+12	2.33111e+15	707.696	1.23375e+14	4.9691 	5  	1  	0.283736
56 	1.16935 	365438     	7.38115e+07	700.624	4.19394e+06	4.92717	5  	1  	0.449421
57 	1.19114 	1.77454e+08	6.34392e+10	700.624	3.34817e+09	4.9581 	5  	1  	0.352055
58 	1.2199  	2.72675e+07	9.60999e+09	684.891	5.06482e+08	4.97214	5  	1  	0.287732
59 	1.23247 	209171     	1.92039e+07	684.891	1.71641e+06	4.97778	5  	2  	0.234652
60 	1.23534 	1.94978e+06	6.50884e+08	654.816	3.42306e+07	4.95845	5  	1  	0.373561
61 	1.26962 	5.98949e+10	2.16723e+13	641.504	1.13749e+12	4.94475	5  	1  	0.367518
62 	1.32203 	2.71729e+07	9.10625e+09	641.504	4.78411e+08	4.97796	5  	1  	0.26672 
63 	1.34283 	2.80798e+06	8.67873e+08	635.508	4.56121e+07	4.97802	5  	2  	0.194881
64 	1.35448 	508456     	7.52245e+07	631.767	4.51652e+06	4.96986	5  	1  	0.333797
65 	1.36116 	6.36931e+12	2.3311e+15 	622.569	1.21682e+14	4.9918 	5  	2  	0.156598
66 	1.36462 	1.74115e+08	6.35324e+10	622.33 	3.31182e+09	4.9891 	5  	2  	0.164709
67 	1.38567 	5.9497e+10 	2.18948e+13	585.082	1.13979e+12	4.98098	5  	1  	0.226426
68 	1.38036 	214422     	1.87976e+07	585.082	1.70276e+06	4.97019	5  	1  	0.306533
69 	1.40678 	459632     	7.39252e+07	585.082	4.3986e+06 	4.98378	5  	2  	0.219967
70 	1.40585 	316077     	7.52313e+07	585.082	4.09089e+06	4.98922	5  	2  	0.163823
71 	1.41673 	1.71018e+08	6.35229e+10	569.881	3.28906e+09	4.95699	5  	1  	0.371396
72 	1.42834 	4.29994e+07	1.5882e+10 	569.881	8.21228e+08	4.9571 	5  	1  	0.39199 
73 	1.43608 	497336     	7.46104e+07	555.871	4.40319e+06	4.98663	5  	1  	0.212781
74 	1.44025 	242334     	1.91633e+07	540.122	1.9432e+06 	4.95467	5  	1  	0.394054
75 	1.41896 	1.87886e+06	6.46359e+08	540.122	3.33239e+07	4.95745	5  	1  	0.369442
76 	1.42686 	5.74855e+10	2.16719e+13	529.028	1.11468e+12	4.99469	5  	3  	0.102869
77 	1.42283 	1.23339e+13	2.3311e+15 	540.009	1.69114e+14	4.96825	5  	2  	0.30697 
78 	1.42827 	1.67963e+08	6.34965e+10	539.888	3.25727e+09	4.97625	5  	2  	0.26585 
79 	1.41195 	4.85735e+06	1.63308e+09	534.122	8.36864e+07	4.97368	5  	1  	0.297962
80 	1.42232 	1.66775e+08	6.34825e+10	511.052	3.24803e+09	4.979  	5  	1  	0.289048
81 	1.42811 	1.66552e+08	6.35147e+10	511.052	3.24542e+09	4.98168	5  	1  	0.255165
82 	1.42374 	7.77285e+12	2.33148e+15	511.052	1.22597e+14	4.96867	5  	1  	0.329665
83 	1.42552 	3.5425e+14 	1.36032e+17	511.052	6.93281e+15	4.98698	5  	2  	0.168749
84 	1.44324 	1.66119e+08	6.38045e+10	511.052	3.24753e+09	4.99221	5  	2  	0.152695
85 	1.47203 	1.05589e+12	4.07572e+14	511.052	2.0718e+13 	4.99223	5  	2  	0.152498
86 	1.48692 	7.10082e+07	2.73115e+10	497.838	1.38651e+09	4.97933	5  	1  	0.258372
87 	1.48129 	341659     	2.14001e+07	497.838	2.25428e+06	4.97165	5  	1  	0.323831
88 	1.5076  	2.94912e+08	1.14568e+11	497.838	5.80136e+09	4.97686	5  	2  	0.262438
89 	1.52442 	5.558e+10  	2.16722e+13	497.838	1.09601e+12	4.9641 	5  	1  	0.356253
90 	1.52741 	1.62627e+08	6.35154e+10	487.032	3.20799e+09	4.97698	5  	1  	0.261771
91 	1.53468 	5.9467e+12 	2.3311e+15 	487.032	1.17588e+14	4.97959	5  	1  	0.25673 
92 	1.544   	4.79293e+08	6.35444e+10	487.032	5.46023e+09	4.99237	5  	2  	0.151137
93 	1.56149 	9.00655e+08	3.46223e+11	481.805	1.74243e+10	4.98731	5  	1  	0.207331
94 	1.55828 	61286      	1.88141e+07	481.805	971755     	4.98481	5  	2  	0.187649
95 	1.55518 	8.33448e+08	1.39031e+11	477.873	8.8724e+09 	4.9798 	5  	1  	0.255438
96 	1.56314 	853688     	9.34839e+07	473.969	6.88251e+06	4.99244	5  	2  	0.150376
97 	1.55785 	1.60091e+08	6.35205e+10	473.969	3.17997e+09	4.9799 	5  	1  	0.254799
98 	1.57985 	6.72595e+09	2.16778e+12	473.969	1.11241e+11	5      	5  	5  	0       
99 	1.55185 	5.82776e+12	2.3311e+15 	473.969	1.16409e+14	4.9675 	5  	1  	0.302397
100	1.56364 	2.16416e+06	6.49477e+08	473.969	3.28253e+07	4.97007	5  	1  	0.322246
101	1.58993 	7.58433e+10	3.04254e+13	465.908	1.51559e+12	4.98756	5  	2  	0.16495 
102	1.60008 	176791     	1.8802e+07 	465.908	1.70492e+06	4.97767	5  	1  	0.285284
103	1.61816 	5.36456e+10	2.16717e+13	465.908	1.07687e+12	4.9703 	5  	1  	0.321058
104	1.59799 	4.21931e+06	9.3621e+08 	465.745	5.65414e+07	4.95802	5  	2  	0.323127
105	1.63319 	3.14783e+08	6.35161e+10	441.356	4.44693e+09	4.97783	5  	1  	0.236979
106	1.62891 	2.82807e+06	9.49463e+08	461.943	4.72405e+07	4.96314	5  	1  	0.337818
107	1.65313 	5.43302e+08	2.21589e+11	465.745	1.09568e+10	4.98039	5  	2  	0.220534
108	1.67686 	256539     	1.90846e+07	465.745	1.91161e+06	4.99756	5  	4  	0.0493863
109	1.68092 	1.64746e+08	6.35254e+10	450.4  	3.13884e+09	4.97805	5  	1  	0.255679 
110	1.66645 	210459     	1.88016e+07	450.4  	1.70736e+06	4.99027	5  	1  	0.197065 
111	1.66116 	2.36228e+07	9.66214e+09	446.874	4.75435e+08	4.99272	5  	4  	0.0850208
112	1.69501 	118011     	1.91557e+07	446.874	1.27624e+06	4.98063	5  	1  	0.250158 
113	1.72562 	4.74692e+09	1.90159e+12	446.874	9.33894e+10	5      	5  	5  	0        
114	1.73797 	2.07381e+11	8.60632e+13	446.874	4.21958e+12	5      	5  	5  	0        
115	1.74635 	4.63878e+06	1.88486e+09	446.874	9.2304e+07 	4.98558	5  	2  	0.207512 
116	1.74947 	1.60023e+08	6.35158e+10	443.054	3.10881e+09	4.97122	5  	1  	0.338053 
117	1.78352 	1.70871e+11	7.14239e+13	433.147	3.48928e+12	5      	5  	5  	0        
118	1.80999 	5.17232e+10	2.1672e+13 	433.147	1.05748e+12	4.98091	5  	1  	0.275695 
119	1.8333  	5.17526e+10	2.16719e+13	433.147	1.05622e+12	4.98333	5  	1  	0.243405 
120	1.81952 	288150     	5.70706e+07	433.147	3.11284e+06	4.97387	5  	1  	0.287146 
121	1.8394  	6.64059e+07	1.83215e+10	427.714	1.00498e+09	4.96682	5  	1  	0.342612 
122	1.84876 	3.62803e+10	1.53453e+13	427.714	7.45233e+11	4.974  	5  	1  	0.310243 
123	1.85715 	1.66979e+11	7.07989e+13	425.181	3.43424e+12	5      	5  	5  	0        
124	1.88373 	3.24598e+06	1.26935e+09	425.181	6.15681e+07	5      	5  	5  	0        
125	1.87515 	2.27581e+07	9.61638e+09	413.515	4.65362e+08	4.97887	5  	1  	0.260055 
126	1.91701 	2.11466e+16	9.02958e+18	413.515	4.3646e+17 	4.98829	5  	1  	0.199187 
127	1.92248 	2.94883e+06	9.34382e+08	413.515	4.64389e+07	4.95093	5  	1  	0.415724 
128	1.95107 	2.1048e+16 	9.02958e+18	413.515	4.35444e+17	4.98601	5  	2  	0.204359 
129	1.98665 	775037     	2.28489e+08	413.515	1.11413e+07	4.9907 	5  	1  	0.192673 
130	2.0005  	179447     	2.90977e+07	413.515	1.94282e+06	4.98376	5  	1  	0.240293 
131	2.00906 	221855     	1.87269e+07	413.515	1.80888e+06	4.9838 	5  	1  	0.240016 
132	2.0031  	6.46823e+11	2.80074e+14	413.515	1.3444e+13 	4.99307	5  	2  	0.144004 
133	2.02101 	1.93362e+13	6.06112e+15	413.515	3.11112e+14	4.97926	5  	1  	0.274967 
134	2.01832 	619876     	2.27981e+08	413.515	1.09875e+07	5      	5  	5  	0        
135	2.04571 	1.0094e+11 	2.1672e+13 	413.515	1.46468e+12	4.98394	5  	1  	0.238918 
136	2.0526  	219244     	1.8834e+07 	413.515	1.63462e+06	4.99314	5  	2  	0.143345 
137	2.05363 	5.32216e+12	2.3311e+15 	413.515	1.11257e+14	4.99087	5  	1  	0.190909 
138	2.06955 	1.66748e+08	6.3539e+10 	413.515	3.06251e+09	4.98633	5  	2  	0.202028 
139	2.0587  	1.03763e+19	4.56557e+21	413.515	2.17408e+20	4.99318	5  	2  	0.142857 
140	2.07022 	267229     	1.87903e+07	413.515	2.01795e+06	4.97506	5  	1  	0.303889 
141	2.09934 	1.81304e+08	6.35431e+10	413.515	3.11029e+09	4.98643	5  	1  	0.212284 
142	2.08371 	1.73139e+06	6.49458e+08	413.515	3.08825e+07	5      	5  	5  	0        
143	2.08976 	1.05005e+13	2.33111e+15	413.515	1.56099e+14	4.97072	5  	1  	0.317008 
144	2.14258 	4.87113e+09	2.16756e+12	413.515	1.02636e+11	5      	5  	5  	0        
145	2.09542 	190827     	1.95156e+07	413.515	1.74473e+06	4.97534	5  	2  	0.262485 
146	2.09523 	116882     	2.27677e+07	413.515	1.33276e+06	4.99105	5  	1  	0.188982 
147	2.1204  	186513     	1.91208e+07	413.515	1.60032e+06	4.98214	5  	1  	0.266664 
148	2.11812 	1.43836e+08	6.35258e+10	413.515	2.99485e+09	4.99777	5  	4  	0.0471403
149	2.12992 	5.87259e+16	2.64267e+19	413.515	1.24438e+18	4.98667	5  	2  	0.199555 
150	2.13705 	463250     	5.04205e+07	413.515	3.18542e+06	5      	5  	5  	0        
151	2.14628 	2.14274e+07	9.61644e+09	413.515	4.51814e+08	4.98451	5  	1  	0.23467  
152	2.16041 	5.14595e+12	2.33111e+15	413.515	1.09404e+14	4.99117	5  	1  	0.187729 
153	2.14578 	4.12876e+08	1.84782e+11	413.515	8.66288e+09	5      	5  	5  	0        
154	2.13807 	4.73795e+07	2.14998e+10	413.515	1.00681e+09	4.99341	5  	2  	0.140488 
155	2.1317  	118526     	1.87879e+07	413.515	1.42824e+06	4.96711	5  	1  	0.35202  
156	2.13954 	2.26194e+07	9.61712e+09	413.515	4.50324e+08	4.97155	5  	1  	0.326208 
157	2.13979 	171536     	1.916e+07  	413.515	1.56444e+06	4.98253	5  	1  	0.26375  
158	2.14485 	3.35493e+08	1.53858e+11	413.515	7.17361e+09	4.98911	5  	2  	0.16794  
159	2.17823 	5.72656e+11	2.63358e+14	413.515	1.22658e+13	4.99348	5  	2  	0.139724 
160	2.16936 	247250     	5.79325e+07	413.515	2.96896e+06	5      	5  	5  	0        
161	2.172   	305823     	5.70521e+07	413.515	3.09163e+06	4.99351	5  	2  	0.139421 
162	2.15832 	55844.5    	1.91311e+07	413.515	915558     	4.98488	5  	1  	0.231877 
163	2.17371 	1.61353e+06	6.51139e+08	366.074	3.02433e+07	4.99138	5  	1  	0.185495 
164	2.17411 	4.70423e+09	2.16767e+12	366.074	1.00417e+11	4.9914 	5  	1  	0.185296 
165	2.14242 	172288     	1.87961e+07	366.074	1.66929e+06	4.95494	5  	1  	0.382149 
166	2.18542 	1.29144e+06	5.02745e+08	357.553	2.32807e+07	5      	5  	5  	0        
167	2.18008 	4.63091e+10	2.16717e+13	366.074	1.00071e+12	4.95299	5  	1  	0.421043 
168	2.18906 	1.92528e+16	9.02958e+18	366.074	4.16503e+17	4.98721	5  	2  	0.172299 
169	2.19855 	267641     	5.72576e+07	366.074	3.01739e+06	4.99149	5  	1  	0.18431  
170	2.17983 	4.94927e+12	2.33111e+15	366.074	1.07298e+14	4.97877	5  	1  	0.267836 
171	2.18392 	1.55205e+08	6.35223e+10	366.074	2.95312e+09	4.97669	5  	1  	0.293805 
172	2.18279 	2.94306e+08	1.39036e+11	361.582	6.3861e+09 	4.98097	5  	1  	0.263449 
173	2.20351 	1.51439e+06	6.51131e+08	361.582	2.99041e+07	4.98523	5  	1  	0.229182 
174	2.21992 	195894     	5.7412e+07 	361.582	2.76533e+06	4.99368	5  	2  	0.137504 
175	2.22372 	1.78438e+06	6.49479e+08	361.582	2.9961e+07 	4.97479	5  	1  	0.316551 
176	2.26012 	3.46805e+07	1.58066e+10	361.582	7.23517e+08	4.98532	5  	1  	0.228463 
177	2.25863 	1.38649e+08	6.3525e+10 	361.582	2.90475e+09	4.99582	5  	3  	0.0913821
178	2.26149 	1.45513e+06	6.52423e+08	361.582	2.97941e+07	5      	5  	5  	0        
179	2.30056 	1.32635e+08	6.3551e+10 	361.582	2.89766e+09	5      	5  	5  	0        
180	2.33835 	146468     	2.47037e+07	360.973	1.58938e+06	4.99792	5  	4  	0.0455487
181	2.34951 	457346     	7.52599e+07	360.973	4.62727e+06	4.99378	5  	2  	0.136504 
182	2.32769 	4.48699e+10	2.1672e+13 	360.973	9.85087e+11	4.99172	5  	1  	0.181818 
183	2.35183 	1.70362e+06	6.66961e+08	360.973	3.03503e+07	4.9876 	5  	1  	0.202901 
184	2.37777 	1.33314e+08	6.3503e+10 	360.973	2.88076e+09	4.98557	5  	1  	0.226579 
185	2.37585 	1.34871e+08	6.35187e+10	360.973	2.87941e+09	4.97942	5  	1  	0.263696 
186	2.38751 	1.99749e+07	9.61125e+09	360.973	4.35084e+08	4.99179	5  	1  	0.181071 
187	2.40433 	1.31066e+08	6.35219e+10	360.973	2.87253e+09	4.99385	5  	2  	0.135664 
188	2.39827 	1.29936e+08	6.34256e+10	360.973	2.86526e+09	4.97137	5  	1  	0.31848  
189	2.40431 	222136     	5.71793e+07	340.144	2.83846e+06	4.97959	5  	1  	0.262624 
190	2.41048 	2.13313e+07	9.61692e+09	349.71 	4.34734e+08	4.97352	5  	1  	0.294746 
191	2.46206 	262169     	1.95364e+07	349.71 	1.958e+06  	4.99187	5  	1  	0.180151 
192	2.44851 	4.76872e+07	2.14995e+10	349.246	9.70834e+08	4.99189	5  	1  	0.179968 
193	2.48608 	2.51267e+08	6.43378e+10	328.085	3.92987e+09	4.9919 	5  	1  	0.179786 
194	2.48876 	3.40137e+06	1.07783e+09	328.085	5.02733e+07	4.99394	5  	2  	0.134704 
195	2.52621 	3.74714e+08	7.55764e+10	328.085	4.87342e+09	4.99798	5  	4  	0.044856 
196	2.50915 	1.09041e+10	5.41804e+12	328.085	2.42788e+11	4.98592	5  	1  	0.223838 
197	2.54873 	4.63899e+12	2.30933e+15	328.085	1.03379e+14	4.99398	5  	2  	0.134298 
198	2.52376 	370057     	5.69837e+07	328.085	3.31925e+06	4.99399	5  	2  	0.134164 
199	2.5538  	1.18822e+08	5.93434e+10	328.085	2.65126e+09	4.988  	5  	1  	0.19964  
200	2.58119 	408400     	5.73614e+07	328.085	3.44304e+06	5      	5  	5  	0        
201	2.62583 	4.71428e+08	2.36372e+11	328.085	1.05393e+10	4.98406	5  	1  	0.251974 
202	2.61942 	4.6344e+12 	2.3311e+15 	328.085	1.03835e+14	4.97018	5  	1  	0.335307 
203	2.63573 	4.62521e+12	2.3311e+15 	328.085	1.03733e+14	4.9881 	5  	2  	0.188607 
204	2.6088  	6.8548e+06 	3.2348e+09 	328.085	1.4384e+08 	5      	5  	5  	0        
205	2.64714 	1.26466e+08	6.35248e+10	328.085	2.82122e+09	5      	5  	5  	0        
206	2.64768 	1.91569e+07	9.6206e+09 	328.085	4.26845e+08	4.98619	5  	1  	0.221628 
207	2.64998 	1.61974e+06	6.51321e+08	328.085	2.89475e+07	4.98819	5  	2  	0.187866 
208	2.66181 	1.04001e+08	5.29267e+10	328.085	2.34363e+09	4.99411	5  	2  	0.132842 
209	2.66018 	5.73173e+12	2.3311e+15 	328.085	1.06095e+14	5      	5  	5  	0        
210	2.67121 	5.00204e+11	2.55604e+14	328.085	1.12962e+13	4.98434	5  	2  	0.2069   
211	2.65642 	1.24275e+08	6.35193e+10	328.085	2.80443e+09	4.98438	5  	1  	0.224805 
212	2.67182 	2.28812e+08	6.3521e+10 	328.085	3.64012e+09	4.96881	5  	1  	0.32294  
213	2.67539 	1.21744e+06	5.24475e+08	328.085	2.31616e+07	4.98444	5  	1  	0.249027 
214	2.67698 	392922     	7.4614e+07 	328.085	4.36626e+06	4.99417	5  	2  	0.132067 
215	2.70255 	5.81026e+06	1.69257e+09	328.085	8.32543e+07	5      	5  	5  	0        
216	2.70929 	2.04726e+08	5.29185e+10	328.085	3.28351e+09	5      	5  	5  	0        
217	2.70094 	134291     	1.88515e+07	328.085	1.34193e+06	5      	5  	5  	0        
218	2.674   	1.53108e+06	6.54596e+08	328.085	2.89199e+07	4.98266	5  	2  	0.227426 
219	2.65557 	8.56662e+09	4.39043e+12	328.085	1.92363e+11	4.96731	5  	1  	0.33525  
220	2.69927 	4.47429e+12	2.33111e+15	328.085	1.0203e+14 	4.98081	5  	1  	0.254737 
221	2.71468 	4.46603e+12	2.33115e+15	328.085	1.01934e+14	4.99234	5  	2  	0.138197 
222	2.71872 	4.45718e+12	2.3311e+15 	328.085	1.01835e+14	4.9847 	5  	2  	0.204526 
223	2.72719 	4.44868e+12	2.33111e+15	328.085	1.01738e+14	4.99427	5  	2  	0.13093  
224	2.71405 	431221     	7.52446e+07	328.085	3.88937e+06	4.98095	5  	1  	0.25377  
225	2.7602  	4.12021e+10	2.16721e+13	328.085	9.44051e+11	4.98669	5  	1  	0.217604 
226	2.75377 	113143     	1.87766e+07	328.085	1.11494e+06	4.98861	5  	1  	0.194476 
227	2.73956 	233586     	4.96912e+07	328.085	2.64921e+06	4.98106	5  	1  	0.253052 
228	2.7744  	1.00012e+08	5.28718e+10	328.085	2.2966e+09 	4.98677	5  	1  	0.216988 
229	2.7643  	215740     	5.40403e+07	328.085	2.60131e+06	5      	5  	5  	0        
230	2.72852 	4.39002e+12	2.3311e+15 	328.085	1.01066e+14	4.98682	5  	1  	0.216581 
231	2.75939 	1.01558e+08	5.28345e+10	328.085	2.28889e+09	4.97744	5  	1  	0.299528 
232	2.77329 	4.37356e+12	2.33111e+15	328.085	1.00877e+14	4.98687	5  	1  	0.216175 
233	2.76191 	336399     	7.51749e+07	327.961	3.89797e+06	4.98689	5  	1  	0.215974 
234	2.78033 	5.43721e+11	2.47537e+14	327.961	1.07699e+13	4.99252	5  	1  	0.172773 
235	2.78868 	1.35946e+14	7.28663e+16	327.961	3.14441e+15	4.9944 	5  	2  	0.129459 
236	2.80266 	289182     	7.45588e+07	327.961	4.08222e+06	5      	5  	5  	0        
237	2.80458 	1.18784e+10	6.32655e+12	326.249	2.72512e+11	4.99257	5  	1  	0.172292 
238	2.8003  	318502     	8.55545e+07	326.249	4.90918e+06	5      	5  	5  	0        
239	2.82473 	30519.2    	8.40705e+06	326.249	448791     	4.98889	5  	2  	0.182236 
240	2.83227 	112642     	1.8782e+07 	326.249	1.26109e+06	4.99445	5  	2  	0.128861 
241	2.82893 	7.99705e+10	2.16722e+13	326.249	1.31405e+12	4.97232	5  	1  	0.32311  
242	2.85358 	1.8e+07    	9.61744e+09	326.249	4.12349e+08	4.99263	5  	1  	0.171498 
243	2.8657  	236692     	7.51749e+07	326.249	3.39742e+06	4.98713	5  	1  	0.213987 
244	2.88917 	279955     	6.59967e+07	326.249	3.20691e+06	5      	5  	5  	0        
245	2.89988 	9.64795e+07	5.25765e+10	326.249	2.248e+09  	4.98718	5  	1  	0.213596 
246	2.89639 	1.20476e+08	6.46475e+10	326.249	2.76198e+09	4.99452	5  	2  	0.128153 
247	2.96643 	5.52076e+06	2.337e+09  	326.249	1.03472e+08	4.9927 	5  	1  	0.170716 
248	2.93572 	1.16237e+08	6.35198e+10	326.249	2.70848e+09	5      	5  	5  	0        
249	2.94224 	2.88917e+07	1.45928e+10	326.249	6.22991e+08	4.98727	5  	1  	0.21282  
250	2.94862 	1.28511e+11	7.07989e+13	326.249	3.0134e+12 	4.97096	5  	1  	0.311706 
251	2.95894 	2.00582e+06	9.36373e+08	326.249	3.99616e+07	4.98732	5  	1  	0.212436 
252	2.96827 	1.74177e+07	9.58499e+09	326.249	4.07225e+08	4.99277	5  	1  	0.169943 
253	2.97926 	3.92341e+10	2.16721e+13	326.249	9.19928e+11	5      	5  	5  	0        
254	2.97606 	1.26841e+10	7.03898e+12	326.249	2.98519e+11	5      	5  	5  	0        
255	2.9737  	300180     	5.74329e+07	326.249	2.96574e+06	4.98741	5  	1  	0.211673 
256	2.96817 	112588     	1.88155e+07	326.249	1.23271e+06	5      	5  	5  	0        
257	2.97622 	6.47329e+16	3.6121e+19 	326.249	1.52775e+18	4.95699	5  	1  	0.412545 
258	2.98798 	755023     	2.62605e+08	326.249	1.14441e+07	4.99463	5  	2  	0.126773 
259	3.01826 	2.01139e+08	6.35204e+10	326.249	3.38617e+09	4.98214	5  	1  	0.245755 
260	3.01459 	1.09723e+09	6.15489e+11	326.249	2.59628e+10	5      	5  	5  	0        
261	3.00874 	105267     	1.95102e+07	326.249	1.28111e+06	4.98577	5  	1  	0.238195 
262	2.98147 	4.14052e+12	2.3311e+15 	326.249	9.81569e+13	4.98401	5  	2  	0.218407 
263	3.03163 	4.13323e+12	2.33111e+15	326.249	9.80702e+13	4.99468	5  	2  	0.126211 
264	2.99787 	1.14572e+08	6.35208e+10	326.249	2.67018e+09	4.98584	5  	1  	0.237564 
265	3.01998 	3.12123e+06	9.36304e+08	326.249	4.78886e+07	4.96466	5  	1  	0.374292 
266	3.03754 	28880.2    	7.86509e+06	326.249	448780     	5      	5  	5  	0        
267	3.024   	4.08818e+09	2.18208e+12	326.249	9.16527e+10	4.98768	5  	1  	0.209433 
268	3.0422  	2.14176e+09	1.15416e+12	326.249	4.84108e+10	4.99473	5  	2  	0.125656 
269	3.05979 	3.44908e+08	1.96542e+11	326.249	8.22503e+09	4.99298	5  	1  	0.167395 
270	3.06028 	1.69534e+07	9.62221e+09	326.249	4.02322e+08	4.98074	5  	1  	0.267269 
271	3.06405 	9.19219e+07	4.91313e+10	326.249	2.0568e+09 	4.99476	5  	2  	0.125327 
272	3.07334 	1.17822e+08	6.35221e+10	326.249	2.65472e+09	4.97731	5  	1  	0.273    
273	3.07173 	3.42712e+08	1.96545e+11	326.249	8.19648e+09	5      	5  	5  	0        
274	3.07011 	3.76782e+10	2.1664e+13 	326.249	9.02664e+11	4.97913	5  	1  	0.256225 
275	3.09996 	923502     	4.4622e+08 	326.249	1.86281e+07	5      	5  	5  	0        
276	3.10115 	221449     	5.72498e+07	326.249	2.68627e+06	5      	5  	5  	0        
277	3.0904  	1.11845e+08	6.35021e+10	326.249	2.63927e+09	4.98789	5  	1  	0.20762  
278	3.10616 	103058     	1.8481e+07 	326.249	1.02424e+06	4.98618	5  	1  	0.234684 
279	3.08003 	7.52572e+07	3.3865e+10 	326.249	1.45989e+09	4.96897	5  	1  	0.335902 
280	3.14367 	1.12222e+08	6.34874e+10	326.249	2.63194e+09	4.99484	5  	2  	0.124354 
281	3.10474 	82696.2    	2.10901e+07	326.249	1.20298e+06	4.98797	5  	1  	0.206907 
282	3.12648 	1.16989e+11	6.82011e+13	325.725	2.82218e+12	4.97427	5  	1  	0.311622 
283	3.11509 	113817     	1.88639e+07	325.725	1.21924e+06	4.97945	5  	1  	0.285954 
284	3.14543 	1.06312e+11	6.21423e+13	325.725	2.56707e+12	4.99487	5  	2  	0.123929 
285	3.12722 	3.4861e+08 	1.39039e+11	325.725	6.30487e+09	4.98123	5  	1  	0.263844 
286	3.12954 	1.08304e+08	6.3525e+10 	325.725	2.61972e+09	4.99319	5  	1  	0.164957 
287	3.15936 	298960     	7.38895e+07	325.725	3.98011e+06	5      	5  	5  	0        
288	3.16838 	282865     	1.083e+08  	325.725	4.64883e+06	4.99321	5  	1  	0.164677 
289	3.159   	3.67561e+10	2.16719e+13	325.725	8.91463e+11	5      	5  	5  	0        
290	3.1808  	187995     	1.91128e+07	325.725	1.6589e+06 	4.98816	5  	1  	0.205331 
291	3.20131 	1.24955e+06	6.53022e+08	325.725	2.68521e+07	5      	5  	5  	0        
292	3.20203 	8.29787e+07	4.91651e+10	325.725	2.01726e+09	5      	5  	5  	0        
293	3.18294 	3.92442e+12	2.3311e+15 	325.725	9.55658e+13	4.98653	5  	1  	0.231712 
294	3.19367 	2.0598e+06 	1.07704e+09	325.725	4.41515e+07	5      	5  	5  	0        
295	3.21699 	47490.1    	1.87991e+07	325.725	814373     	4.97651	5  	1  	0.288688 
296	3.26487 	101522     	1.95277e+07	325.725	1.2723e+06 	4.98827	5  	1  	0.2043   
297	3.24091 	3.61384e+07	2.14997e+10	325.725	8.7845e+08 	5      	5  	5  	0        
298	3.29769 	1.76684e+06	9.40448e+08	325.725	3.84731e+07	5      	5  	5  	0        
299	3.26057 	1.05988e+08	6.35212e+10	325.725	2.59108e+09	5      	5  	5  	0        
>> Fim da execucao (605.2822434902191 segundos)

Traceback (most recent call last):
  File "symbreg.py", line 246, in <module>
    MUTPB = MUTPB, 		NPOP = NPOP, 	train_percent = train_percent, 	verb = True,	FILE_NAME = filename)
  File "symbreg.py", line 190, in main
    info = open("Info/INFO_" + filename + ".csv", 'a')
FileNotFoundError: [Errno 2] No such file or directory: 'Info/INFO_GP_TreeMax5_Samples1502.csv'
