Traceback (most recent call last):
  File "symbreg.py", line 475, in <module>
    OPS = ops, W = W)
NameError: name 'W' is not defined
Traceback (most recent call last):
  File "symbreg.py", line 469, in <module>
    if ops:
NameError: name 'ops' is not defined
Traceback (most recent call last):
  File "symbreg1.py", line 469, in <module>
    if ops:
NameError: name 'ops' is not defined
Traceback (most recent call last):
  File "symbreg1.py", line 473, in <module>
    OPS = False, W = W)
  File "symbreg1.py", line 204, in main
    if trig == 1:
NameError: name 'trig' is not defined
Traceback (most recent call last):
  File "symbreg.py", line 474, in <module>
    OPS = False, W = W, trig = t)
TypeError: main() got an unexpected keyword argument 'trig'
Traceback (most recent call last):
  File "symbreg.py", line 474, in <module>
    OPS = False, W = W, trig = t)
  File "symbreg.py", line 237, in main
    pOut = [f(x) for x in px]
  File "symbreg.py", line 237, in <listcomp>
    pOut = [f(x) for x in px]
TypeError: f() missing 1 required positional argument: 'x'
Traceback (most recent call last):
  File "symbreg.py", line 474, in <module>
    OPS = False, W = W, trig = t)
  File "symbreg.py", line 256, in main
    pOut = [f(x) for x in px]
  File "symbreg.py", line 256, in <listcomp>
    pOut = [f(x) for x in px]
TypeError: f() missing 1 required positional argument: 'x'
